#
# There is insufficient memory for the Java Runtime Environment to continue.
# Native memory allocation (mmap) failed to map 65536 bytes for Failed to commit metaspace.
# Possible reasons:
#   The system is out of physical RAM or swap space
#   The process is running with CompressedOops enabled, and the Java Heap may be blocking the growth of the native heap
# Possible solutions:
#   Reduce memory load on the system
#   Increase physical memory or swap space
#   Check if swap backing store is full
#   Decrease Java heap size (-Xmx/-Xms)
#   Decrease number of Java threads
#   Decrease Java thread stack sizes (-Xss)
#   Set larger code cache with -XX:ReservedCodeCacheSize=
#   JVM is running with Unscaled Compressed Oops mode in which the Java heap is
#     placed in the first 4GB address space. The Java Heap base address is the
#     maximum limit for the native heap growth. Please use -XX:HeapBaseMinAddress
#     to set the Java Heap base and to place the Java Heap above 4GB virtual address.
# This output file may be truncated or incomplete.
#
#  Out of Memory Error (virtualSpaceNode.cpp:110), pid=5024, tid=11260
#
# JRE version: OpenJDK Runtime Environment Temurin-17.0.3+7 (17.0.3+7) (build 17.0.3+7)
# Java VM: OpenJDK 64-Bit Server VM Temurin-17.0.3+7 (17.0.3+7, mixed mode, tiered, compressed oops, compressed class ptrs, g1 gc, windows-amd64)
# No core dump will be written. Minidumps are not enabled by default on client versions of Windows
#

---------------  S U M M A R Y ------------

Command Line: -Dfile.encoding=UTF-8 -XX:+ShowCodeDetailsInExceptionMessages Entrepreneurship_test

Host: Intel(R) Core(TM) i5-4460  CPU @ 3.20GHz, 4 cores, 7G,  Windows 10 , 64 bit Build 19041 (10.0.19041.1889)
Time: Sun Sep 11 18:12:20 2022  Windows 10 , 64 bit Build 19041 (10.0.19041.1889) elapsed time: 0.374338 seconds (0d 0h 0m 0s)

---------------  T H R E A D  ---------------

Current thread (0x000001da7733deb0):  JavaThread "main" [_thread_in_vm, id=11260, stack(0x0000007085f00000,0x0000007086000000)]

Stack: [0x0000007085f00000,0x0000007086000000]
Native frames: (J=compiled Java code, j=interpreted, Vv=VM code, C=native code)
V  [jvm.dll+0x675efa]
V  [jvm.dll+0x830a24]
V  [jvm.dll+0x8321ce]
V  [jvm.dll+0x832833]
V  [jvm.dll+0x2454b5]
V  [jvm.dll+0x82c9cb]
V  [jvm.dll+0x61ab26]
V  [jvm.dll+0x1c046e]
V  [jvm.dll+0x61d471]
V  [jvm.dll+0x61b4c6]
V  [jvm.dll+0x62c2b9]
V  [jvm.dll+0x6255e4]
V  [jvm.dll+0x37f5c1]
C  0x000001da0000c6e8

Java frames: (J=compiled Java code, j=interpreted, Vv=VM code)
j  Batch.calculateBatch(I)I+0
j  Entrepreneurship_test.main([Ljava/lang/String;)V+395
v  ~StubRoutines::call_stub

---------------  P R O C E S S  ---------------

Threads class SMR info:
_java_thread_list=0x000001da139a6850, length=13, elements={
0x000001da7733deb0, 0x000001da7fa7ec40, 0x000001da7fa74730, 0x000001da7fadc430,
0x000001da7fadc900, 0x000001da7fadd1c0, 0x000001da7fac0790, 0x000001da7fac33d0,
0x000001da138423c0, 0x000001da1384acb0, 0x000001da13997c30, 0x000001da139b0070,
0x000001da13ae4e70
}

Java Threads: ( => current thread )
=>0x000001da7733deb0 JavaThread "main" [_thread_in_vm, id=11260, stack(0x0000007085f00000,0x0000007086000000)]
  0x000001da7fa7ec40 JavaThread "Reference Handler" daemon [_thread_blocked, id=11712, stack(0x0000007086600000,0x0000007086700000)]
  0x000001da7fa74730 JavaThread "Finalizer" daemon [_thread_blocked, id=4796, stack(0x0000007086700000,0x0000007086800000)]
  0x000001da7fadc430 JavaThread "Signal Dispatcher" daemon [_thread_blocked, id=6116, stack(0x0000007086800000,0x0000007086900000)]
  0x000001da7fadc900 JavaThread "Attach Listener" daemon [_thread_blocked, id=12028, stack(0x0000007086900000,0x0000007086a00000)]
  0x000001da7fadd1c0 JavaThread "Service Thread" daemon [_thread_blocked, id=15352, stack(0x0000007086a00000,0x0000007086b00000)]
  0x000001da7fac0790 JavaThread "Monitor Deflation Thread" daemon [_thread_blocked, id=15636, stack(0x0000007086b00000,0x0000007086c00000)]
  0x000001da7fac33d0 JavaThread "C2 CompilerThread0" daemon [_thread_in_native, id=10012, stack(0x0000007086c00000,0x0000007086d00000)]
  0x000001da138423c0 JavaThread "C1 CompilerThread0" daemon [_thread_blocked, id=15920, stack(0x0000007086d00000,0x0000007086e00000)]
  0x000001da1384acb0 JavaThread "Sweeper thread" daemon [_thread_blocked, id=4280, stack(0x0000007086e00000,0x0000007086f00000)]
  0x000001da13997c30 JavaThread "Notification Thread" daemon [_thread_blocked, id=5252, stack(0x0000007086f00000,0x0000007087000000)]
  0x000001da139b0070 JavaThread "Common-Cleaner" daemon [_thread_blocked, id=6260, stack(0x0000007087100000,0x0000007087200000)]
  0x000001da13ae4e70 JavaThread "C2 CompilerThread1" daemon [_thread_in_native, id=13216, stack(0x0000007087200000,0x0000007087300000)]

Other Threads:
  0x000001da7fa306c0 VMThread "VM Thread" [stack: 0x0000007086500000,0x0000007086600000] [id=1348]
  0x000001da1399c110 WatcherThread [stack: 0x0000007087000000,0x0000007087100000] [id=2672]
  0x000001da7748a820 GCTaskThread "GC Thread#0" [stack: 0x0000007086000000,0x0000007086100000] [id=8316]
  0x000001da13a2f890 GCTaskThread "GC Thread#1" [stack: 0x0000007087300000,0x0000007087400000] [id=4992]
  0x000001da13a2fb40 GCTaskThread "GC Thread#2" [stack: 0x0000007087400000,0x0000007087500000] [id=968]
  0x000001da13a2e5c0 GCTaskThread "GC Thread#3" [stack: 0x0000007087500000,0x0000007087600000] [id=7060]
  0x000001da7749bb80 ConcurrentGCThread "G1 Main Marker" [stack: 0x0000007086100000,0x0000007086200000] [id=7204]
  0x000001da7749dd40 ConcurrentGCThread "G1 Conc#0" [stack: 0x0000007086200000,0x0000007086300000] [id=3396]
  0x000001da7f8f0090 ConcurrentGCThread "G1 Refine#0" [stack: 0x0000007086300000,0x0000007086400000] [id=7376]
  0x000001da7f8f0ab0 ConcurrentGCThread "G1 Service" [stack: 0x0000007086400000,0x0000007086500000] [id=14616]

Threads with active compile tasks:
C2 CompilerThread0      421  388       4       java.util.Scanner::nextLine (99 bytes)
C2 CompilerThread1      421  391       4       java.util.Scanner::findWithinHorizon (83 bytes)

VM state: not at safepoint (normal execution)

VM Mutex/Monitor currently owned by a thread:  ([mutex/lock_event])
[0x000001da7733bb70] Metaspace_lock - owner thread: 0x000001da7733deb0

Heap address: 0x0000000081c00000, size: 2020 MB, Compressed Oops mode: 32-bit

CDS archive(s) not mapped
Compressed class space mapped at: 0x0000000100000000-0x0000000140000000, reserved size: 1073741824
Narrow klass base: 0x0000000000000000, Narrow klass shift: 3, Narrow klass range: 0x140000000

GC Precious Log:
 CPUs: 4 total, 4 available
 Memory: 8074M
 Large Page Support: Disabled
 NUMA Support: Disabled
 Compressed Oops: Enabled (32-bit)
 Heap Region Size: 1M
 Heap Min Capacity: 8M
 Heap Initial Capacity: 128M
 Heap Max Capacity: 2020M
 Pre-touch: Disabled
 Parallel Workers: 4
 Concurrent Workers: 1
 Concurrent Refinement Workers: 4
 Periodic GC: Disabled

Heap:
 garbage-first heap   total 131072K, used 27859K [0x0000000081c00000, 0x0000000100000000)
  region size 1024K, 29 young (29696K), 2 survivors (2048K)
 Metaspace       used 6801K, committed 6848K, reserved 1056768K
  class space    used 566K, committed 576K, reserved 1048576K

Heap Regions: E=young(eden), S=young(survivor), O=old, HS=humongous(starts), HC=humongous(continues), CS=collection set, F=free, OA=open archive, CA=closed archive, TAMS=top-at-mark-start (previous, next)
|   0|0x0000000081c00000, 0x0000000081c00000, 0x0000000081d00000|  0%| F|  |TAMS 0x0000000081c00000, 0x0000000081c00000| Untracked 
|   1|0x0000000081d00000, 0x0000000081d00000, 0x0000000081e00000|  0%| F|  |TAMS 0x0000000081d00000, 0x0000000081d00000| Untracked 
|   2|0x0000000081e00000, 0x0000000081e00000, 0x0000000081f00000|  0%| F|  |TAMS 0x0000000081e00000, 0x0000000081e00000| Untracked 
|   3|0x0000000081f00000, 0x0000000081f00000, 0x0000000082000000|  0%| F|  |TAMS 0x0000000081f00000, 0x0000000081f00000| Untracked 
|   4|0x0000000082000000, 0x0000000082000000, 0x0000000082100000|  0%| F|  |TAMS 0x0000000082000000, 0x0000000082000000| Untracked 
|   5|0x0000000082100000, 0x0000000082100000, 0x0000000082200000|  0%| F|  |TAMS 0x0000000082100000, 0x0000000082100000| Untracked 
|   6|0x0000000082200000, 0x0000000082200000, 0x0000000082300000|  0%| F|  |TAMS 0x0000000082200000, 0x0000000082200000| Untracked 
|   7|0x0000000082300000, 0x0000000082300000, 0x0000000082400000|  0%| F|  |TAMS 0x0000000082300000, 0x0000000082300000| Untracked 
|   8|0x0000000082400000, 0x0000000082400000, 0x0000000082500000|  0%| F|  |TAMS 0x0000000082400000, 0x0000000082400000| Untracked 
|   9|0x0000000082500000, 0x0000000082500000, 0x0000000082600000|  0%| F|  |TAMS 0x0000000082500000, 0x0000000082500000| Untracked 
|  10|0x0000000082600000, 0x0000000082600000, 0x0000000082700000|  0%| F|  |TAMS 0x0000000082600000, 0x0000000082600000| Untracked 
|  11|0x0000000082700000, 0x0000000082700000, 0x0000000082800000|  0%| F|  |TAMS 0x0000000082700000, 0x0000000082700000| Untracked 
|  12|0x0000000082800000, 0x0000000082800000, 0x0000000082900000|  0%| F|  |TAMS 0x0000000082800000, 0x0000000082800000| Untracked 
|  13|0x0000000082900000, 0x0000000082900000, 0x0000000082a00000|  0%| F|  |TAMS 0x0000000082900000, 0x0000000082900000| Untracked 
|  14|0x0000000082a00000, 0x0000000082a00000, 0x0000000082b00000|  0%| F|  |TAMS 0x0000000082a00000, 0x0000000082a00000| Untracked 
|  15|0x0000000082b00000, 0x0000000082b00000, 0x0000000082c00000|  0%| F|  |TAMS 0x0000000082b00000, 0x0000000082b00000| Untracked 
|  16|0x0000000082c00000, 0x0000000082c00000, 0x0000000082d00000|  0%| F|  |TAMS 0x0000000082c00000, 0x0000000082c00000| Untracked 
|  17|0x0000000082d00000, 0x0000000082d00000, 0x0000000082e00000|  0%| F|  |TAMS 0x0000000082d00000, 0x0000000082d00000| Untracked 
|  18|0x0000000082e00000, 0x0000000082e00000, 0x0000000082f00000|  0%| F|  |TAMS 0x0000000082e00000, 0x0000000082e00000| Untracked 
|  19|0x0000000082f00000, 0x0000000082f00000, 0x0000000083000000|  0%| F|  |TAMS 0x0000000082f00000, 0x0000000082f00000| Untracked 
|  20|0x0000000083000000, 0x0000000083000000, 0x0000000083100000|  0%| F|  |TAMS 0x0000000083000000, 0x0000000083000000| Untracked 
|  21|0x0000000083100000, 0x0000000083100000, 0x0000000083200000|  0%| F|  |TAMS 0x0000000083100000, 0x0000000083100000| Untracked 
|  22|0x0000000083200000, 0x0000000083200000, 0x0000000083300000|  0%| F|  |TAMS 0x0000000083200000, 0x0000000083200000| Untracked 
|  23|0x0000000083300000, 0x0000000083300000, 0x0000000083400000|  0%| F|  |TAMS 0x0000000083300000, 0x0000000083300000| Untracked 
|  24|0x0000000083400000, 0x0000000083400000, 0x0000000083500000|  0%| F|  |TAMS 0x0000000083400000, 0x0000000083400000| Untracked 
|  25|0x0000000083500000, 0x0000000083500000, 0x0000000083600000|  0%| F|  |TAMS 0x0000000083500000, 0x0000000083500000| Untracked 
|  26|0x0000000083600000, 0x0000000083600000, 0x0000000083700000|  0%| F|  |TAMS 0x0000000083600000, 0x0000000083600000| Untracked 
|  27|0x0000000083700000, 0x0000000083700000, 0x0000000083800000|  0%| F|  |TAMS 0x0000000083700000, 0x0000000083700000| Untracked 
|  28|0x0000000083800000, 0x0000000083800000, 0x0000000083900000|  0%| F|  |TAMS 0x0000000083800000, 0x0000000083800000| Untracked 
|  29|0x0000000083900000, 0x0000000083900000, 0x0000000083a00000|  0%| F|  |TAMS 0x0000000083900000, 0x0000000083900000| Untracked 
|  30|0x0000000083a00000, 0x0000000083a00000, 0x0000000083b00000|  0%| F|  |TAMS 0x0000000083a00000, 0x0000000083a00000| Untracked 
|  31|0x0000000083b00000, 0x0000000083b00000, 0x0000000083c00000|  0%| F|  |TAMS 0x0000000083b00000, 0x0000000083b00000| Untracked 
|  32|0x0000000083c00000, 0x0000000083c00000, 0x0000000083d00000|  0%| F|  |TAMS 0x0000000083c00000, 0x0000000083c00000| Untracked 
|  33|0x0000000083d00000, 0x0000000083d00000, 0x0000000083e00000|  0%| F|  |TAMS 0x0000000083d00000, 0x0000000083d00000| Untracked 
|  34|0x0000000083e00000, 0x0000000083e00000, 0x0000000083f00000|  0%| F|  |TAMS 0x0000000083e00000, 0x0000000083e00000| Untracked 
|  35|0x0000000083f00000, 0x0000000083f00000, 0x0000000084000000|  0%| F|  |TAMS 0x0000000083f00000, 0x0000000083f00000| Untracked 
|  36|0x0000000084000000, 0x0000000084000000, 0x0000000084100000|  0%| F|  |TAMS 0x0000000084000000, 0x0000000084000000| Untracked 
|  37|0x0000000084100000, 0x0000000084100000, 0x0000000084200000|  0%| F|  |TAMS 0x0000000084100000, 0x0000000084100000| Untracked 
|  38|0x0000000084200000, 0x0000000084200000, 0x0000000084300000|  0%| F|  |TAMS 0x0000000084200000, 0x0000000084200000| Untracked 
|  39|0x0000000084300000, 0x0000000084300000, 0x0000000084400000|  0%| F|  |TAMS 0x0000000084300000, 0x0000000084300000| Untracked 
|  40|0x0000000084400000, 0x0000000084400000, 0x0000000084500000|  0%| F|  |TAMS 0x0000000084400000, 0x0000000084400000| Untracked 
|  41|0x0000000084500000, 0x0000000084500000, 0x0000000084600000|  0%| F|  |TAMS 0x0000000084500000, 0x0000000084500000| Untracked 
|  42|0x0000000084600000, 0x0000000084600000, 0x0000000084700000|  0%| F|  |TAMS 0x0000000084600000, 0x0000000084600000| Untracked 
|  43|0x0000000084700000, 0x0000000084700000, 0x0000000084800000|  0%| F|  |TAMS 0x0000000084700000, 0x0000000084700000| Untracked 
|  44|0x0000000084800000, 0x0000000084800000, 0x0000000084900000|  0%| F|  |TAMS 0x0000000084800000, 0x0000000084800000| Untracked 
|  45|0x0000000084900000, 0x0000000084900000, 0x0000000084a00000|  0%| F|  |TAMS 0x0000000084900000, 0x0000000084900000| Untracked 
|  46|0x0000000084a00000, 0x0000000084a00000, 0x0000000084b00000|  0%| F|  |TAMS 0x0000000084a00000, 0x0000000084a00000| Untracked 
|  47|0x0000000084b00000, 0x0000000084b00000, 0x0000000084c00000|  0%| F|  |TAMS 0x0000000084b00000, 0x0000000084b00000| Untracked 
|  48|0x0000000084c00000, 0x0000000084c00000, 0x0000000084d00000|  0%| F|  |TAMS 0x0000000084c00000, 0x0000000084c00000| Untracked 
|  49|0x0000000084d00000, 0x0000000084d00000, 0x0000000084e00000|  0%| F|  |TAMS 0x0000000084d00000, 0x0000000084d00000| Untracked 
|  50|0x0000000084e00000, 0x0000000084e00000, 0x0000000084f00000|  0%| F|  |TAMS 0x0000000084e00000, 0x0000000084e00000| Untracked 
|  51|0x0000000084f00000, 0x0000000084f00000, 0x0000000085000000|  0%| F|  |TAMS 0x0000000084f00000, 0x0000000084f00000| Untracked 
|  52|0x0000000085000000, 0x0000000085000000, 0x0000000085100000|  0%| F|  |TAMS 0x0000000085000000, 0x0000000085000000| Untracked 
|  53|0x0000000085100000, 0x0000000085100000, 0x0000000085200000|  0%| F|  |TAMS 0x0000000085100000, 0x0000000085100000| Untracked 
|  54|0x0000000085200000, 0x0000000085200000, 0x0000000085300000|  0%| F|  |TAMS 0x0000000085200000, 0x0000000085200000| Untracked 
|  55|0x0000000085300000, 0x0000000085300000, 0x0000000085400000|  0%| F|  |TAMS 0x0000000085300000, 0x0000000085300000| Untracked 
|  56|0x0000000085400000, 0x0000000085400000, 0x0000000085500000|  0%| F|  |TAMS 0x0000000085400000, 0x0000000085400000| Untracked 
|  57|0x0000000085500000, 0x0000000085500000, 0x0000000085600000|  0%| F|  |TAMS 0x0000000085500000, 0x0000000085500000| Untracked 
|  58|0x0000000085600000, 0x0000000085600000, 0x0000000085700000|  0%| F|  |TAMS 0x0000000085600000, 0x0000000085600000| Untracked 
|  59|0x0000000085700000, 0x0000000085700000, 0x0000000085800000|  0%| F|  |TAMS 0x0000000085700000, 0x0000000085700000| Untracked 
|  60|0x0000000085800000, 0x0000000085800000, 0x0000000085900000|  0%| F|  |TAMS 0x0000000085800000, 0x0000000085800000| Untracked 
|  61|0x0000000085900000, 0x0000000085900000, 0x0000000085a00000|  0%| F|  |TAMS 0x0000000085900000, 0x0000000085900000| Untracked 
|  62|0x0000000085a00000, 0x0000000085a00000, 0x0000000085b00000|  0%| F|  |TAMS 0x0000000085a00000, 0x0000000085a00000| Untracked 
|  63|0x0000000085b00000, 0x0000000085b00000, 0x0000000085c00000|  0%| F|  |TAMS 0x0000000085b00000, 0x0000000085b00000| Untracked 
|  64|0x0000000085c00000, 0x0000000085c00000, 0x0000000085d00000|  0%| F|  |TAMS 0x0000000085c00000, 0x0000000085c00000| Untracked 
|  65|0x0000000085d00000, 0x0000000085d00000, 0x0000000085e00000|  0%| F|  |TAMS 0x0000000085d00000, 0x0000000085d00000| Untracked 
|  66|0x0000000085e00000, 0x0000000085e00000, 0x0000000085f00000|  0%| F|  |TAMS 0x0000000085e00000, 0x0000000085e00000| Untracked 
|  67|0x0000000085f00000, 0x0000000085f00000, 0x0000000086000000|  0%| F|  |TAMS 0x0000000085f00000, 0x0000000085f00000| Untracked 
|  68|0x0000000086000000, 0x0000000086000000, 0x0000000086100000|  0%| F|  |TAMS 0x0000000086000000, 0x0000000086000000| Untracked 
|  69|0x0000000086100000, 0x0000000086100000, 0x0000000086200000|  0%| F|  |TAMS 0x0000000086100000, 0x0000000086100000| Untracked 
|  70|0x0000000086200000, 0x0000000086200000, 0x0000000086300000|  0%| F|  |TAMS 0x0000000086200000, 0x0000000086200000| Untracked 
|  71|0x0000000086300000, 0x0000000086300000, 0x0000000086400000|  0%| F|  |TAMS 0x0000000086300000, 0x0000000086300000| Untracked 
|  72|0x0000000086400000, 0x0000000086400000, 0x0000000086500000|  0%| F|  |TAMS 0x0000000086400000, 0x0000000086400000| Untracked 
|  73|0x0000000086500000, 0x0000000086500000, 0x0000000086600000|  0%| F|  |TAMS 0x0000000086500000, 0x0000000086500000| Untracked 
|  74|0x0000000086600000, 0x0000000086600000, 0x0000000086700000|  0%| F|  |TAMS 0x0000000086600000, 0x0000000086600000| Untracked 
|  75|0x0000000086700000, 0x0000000086700000, 0x0000000086800000|  0%| F|  |TAMS 0x0000000086700000, 0x0000000086700000| Untracked 
|  76|0x0000000086800000, 0x0000000086800000, 0x0000000086900000|  0%| F|  |TAMS 0x0000000086800000, 0x0000000086800000| Untracked 
|  77|0x0000000086900000, 0x0000000086900000, 0x0000000086a00000|  0%| F|  |TAMS 0x0000000086900000, 0x0000000086900000| Untracked 
|  78|0x0000000086a00000, 0x0000000086a00000, 0x0000000086b00000|  0%| F|  |TAMS 0x0000000086a00000, 0x0000000086a00000| Untracked 
|  79|0x0000000086b00000, 0x0000000086b00000, 0x0000000086c00000|  0%| F|  |TAMS 0x0000000086b00000, 0x0000000086b00000| Untracked 
|  80|0x0000000086c00000, 0x0000000086c00000, 0x0000000086d00000|  0%| F|  |TAMS 0x0000000086c00000, 0x0000000086c00000| Untracked 
|  81|0x0000000086d00000, 0x0000000086d00000, 0x0000000086e00000|  0%| F|  |TAMS 0x0000000086d00000, 0x0000000086d00000| Untracked 
|  82|0x0000000086e00000, 0x0000000086e00000, 0x0000000086f00000|  0%| F|  |TAMS 0x0000000086e00000, 0x0000000086e00000| Untracked 
|  83|0x0000000086f00000, 0x0000000086f00000, 0x0000000087000000|  0%| F|  |TAMS 0x0000000086f00000, 0x0000000086f00000| Untracked 
|  84|0x0000000087000000, 0x0000000087000000, 0x0000000087100000|  0%| F|  |TAMS 0x0000000087000000, 0x0000000087000000| Untracked 
|  85|0x0000000087100000, 0x0000000087100000, 0x0000000087200000|  0%| F|  |TAMS 0x0000000087100000, 0x0000000087100000| Untracked 
|  86|0x0000000087200000, 0x0000000087200000, 0x0000000087300000|  0%| F|  |TAMS 0x0000000087200000, 0x0000000087200000| Untracked 
|  87|0x0000000087300000, 0x0000000087300000, 0x0000000087400000|  0%| F|  |TAMS 0x0000000087300000, 0x0000000087300000| Untracked 
|  88|0x0000000087400000, 0x0000000087400000, 0x0000000087500000|  0%| F|  |TAMS 0x0000000087400000, 0x0000000087400000| Untracked 
|  89|0x0000000087500000, 0x0000000087500000, 0x0000000087600000|  0%| F|  |TAMS 0x0000000087500000, 0x0000000087500000| Untracked 
|  90|0x0000000087600000, 0x0000000087600000, 0x0000000087700000|  0%| F|  |TAMS 0x0000000087600000, 0x0000000087600000| Untracked 
|  91|0x0000000087700000, 0x0000000087700000, 0x0000000087800000|  0%| F|  |TAMS 0x0000000087700000, 0x0000000087700000| Untracked 
|  92|0x0000000087800000, 0x0000000087800000, 0x0000000087900000|  0%| F|  |TAMS 0x0000000087800000, 0x0000000087800000| Untracked 
|  93|0x0000000087900000, 0x0000000087900000, 0x0000000087a00000|  0%| F|  |TAMS 0x0000000087900000, 0x0000000087900000| Untracked 
|  94|0x0000000087a00000, 0x0000000087a00000, 0x0000000087b00000|  0%| F|  |TAMS 0x0000000087a00000, 0x0000000087a00000| Untracked 
|  95|0x0000000087b00000, 0x0000000087b00000, 0x0000000087c00000|  0%| F|  |TAMS 0x0000000087b00000, 0x0000000087b00000| Untracked 
|  96|0x0000000087c00000, 0x0000000087c00000, 0x0000000087d00000|  0%| F|  |TAMS 0x0000000087c00000, 0x0000000087c00000| Untracked 
|  97|0x0000000087d00000, 0x0000000087d00000, 0x0000000087e00000|  0%| F|  |TAMS 0x0000000087d00000, 0x0000000087d00000| Untracked 
|  98|0x0000000087e00000, 0x0000000087e00000, 0x0000000087f00000|  0%| F|  |TAMS 0x0000000087e00000, 0x0000000087e00000| Untracked 
|  99|0x0000000087f00000, 0x0000000087f80810, 0x0000000088000000| 50%| E|  |TAMS 0x0000000087f00000, 0x0000000087f00000| Complete 
| 100|0x0000000088000000, 0x0000000088100000, 0x0000000088100000|100%| E|CS|TAMS 0x0000000088000000, 0x0000000088000000| Complete 
| 101|0x0000000088100000, 0x0000000088200000, 0x0000000088200000|100%| E|CS|TAMS 0x0000000088100000, 0x0000000088100000| Complete 
| 102|0x0000000088200000, 0x0000000088300000, 0x0000000088300000|100%| E|CS|TAMS 0x0000000088200000, 0x0000000088200000| Complete 
| 103|0x0000000088300000, 0x0000000088400000, 0x0000000088400000|100%| E|CS|TAMS 0x0000000088300000, 0x0000000088300000| Complete 
| 104|0x0000000088400000, 0x0000000088500000, 0x0000000088500000|100%| E|CS|TAMS 0x0000000088400000, 0x0000000088400000| Complete 
| 105|0x0000000088500000, 0x0000000088534ea8, 0x0000000088600000| 20%| S|CS|TAMS 0x0000000088500000, 0x0000000088500000| Complete 
| 106|0x0000000088600000, 0x0000000088700000, 0x0000000088700000|100%| S|CS|TAMS 0x0000000088600000, 0x0000000088600000| Complete 
| 107|0x0000000088700000, 0x0000000088800000, 0x0000000088800000|100%| E|CS|TAMS 0x0000000088700000, 0x0000000088700000| Complete 
| 108|0x0000000088800000, 0x0000000088900000, 0x0000000088900000|100%| E|CS|TAMS 0x0000000088800000, 0x0000000088800000| Complete 
| 109|0x0000000088900000, 0x0000000088a00000, 0x0000000088a00000|100%| E|CS|TAMS 0x0000000088900000, 0x0000000088900000| Complete 
| 110|0x0000000088a00000, 0x0000000088b00000, 0x0000000088b00000|100%| E|CS|TAMS 0x0000000088a00000, 0x0000000088a00000| Complete 
| 111|0x0000000088b00000, 0x0000000088c00000, 0x0000000088c00000|100%| E|CS|TAMS 0x0000000088b00000, 0x0000000088b00000| Complete 
| 112|0x0000000088c00000, 0x0000000088d00000, 0x0000000088d00000|100%| E|CS|TAMS 0x0000000088c00000, 0x0000000088c00000| Complete 
| 113|0x0000000088d00000, 0x0000000088e00000, 0x0000000088e00000|100%| E|CS|TAMS 0x0000000088d00000, 0x0000000088d00000| Complete 
| 114|0x0000000088e00000, 0x0000000088f00000, 0x0000000088f00000|100%| E|CS|TAMS 0x0000000088e00000, 0x0000000088e00000| Complete 
| 115|0x0000000088f00000, 0x0000000089000000, 0x0000000089000000|100%| E|CS|TAMS 0x0000000088f00000, 0x0000000088f00000| Complete 
| 116|0x0000000089000000, 0x0000000089100000, 0x0000000089100000|100%| E|CS|TAMS 0x0000000089000000, 0x0000000089000000| Complete 
| 117|0x0000000089100000, 0x0000000089200000, 0x0000000089200000|100%| E|CS|TAMS 0x0000000089100000, 0x0000000089100000| Complete 
| 118|0x0000000089200000, 0x0000000089300000, 0x0000000089300000|100%| E|CS|TAMS 0x0000000089200000, 0x0000000089200000| Complete 
| 119|0x0000000089300000, 0x0000000089400000, 0x0000000089400000|100%| E|CS|TAMS 0x0000000089300000, 0x0000000089300000| Complete 
| 120|0x0000000089400000, 0x0000000089500000, 0x0000000089500000|100%| E|CS|TAMS 0x0000000089400000, 0x0000000089400000| Complete 
| 121|0x0000000089500000, 0x0000000089600000, 0x0000000089600000|100%| E|CS|TAMS 0x0000000089500000, 0x0000000089500000| Complete 
| 122|0x0000000089600000, 0x0000000089700000, 0x0000000089700000|100%| E|CS|TAMS 0x0000000089600000, 0x0000000089600000| Complete 
| 123|0x0000000089700000, 0x0000000089800000, 0x0000000089800000|100%| E|CS|TAMS 0x0000000089700000, 0x0000000089700000| Complete 
| 124|0x0000000089800000, 0x0000000089900000, 0x0000000089900000|100%| E|CS|TAMS 0x0000000089800000, 0x0000000089800000| Complete 
| 125|0x0000000089900000, 0x0000000089a00000, 0x0000000089a00000|100%| E|CS|TAMS 0x0000000089900000, 0x0000000089900000| Complete 
| 126|0x0000000089a00000, 0x0000000089b00000, 0x0000000089b00000|100%| E|CS|TAMS 0x0000000089a00000, 0x0000000089a00000| Complete 
| 127|0x0000000089b00000, 0x0000000089c00000, 0x0000000089c00000|100%| E|CS|TAMS 0x0000000089b00000, 0x0000000089b00000| Complete 

Card table byte_map: [0x000001da7cd10000,0x000001da7d110000] _byte_map_base: 0x000001da7c902000

Marking Bits (Prev, Next): (CMBitMap*) 0x000001da7748ae30, (CMBitMap*) 0x000001da7748ae70
 Prev Bits: [0x000001da7d510000, 0x000001da7f4a0000)
 Next Bits: [0x000001da0f000000, 0x000001da10f90000)

Polling page: 0x000001da771f0000

Metaspace:

Usage:
  Non-class:      6.09 MB used.
      Class:    566.18 KB used.
       Both:      6.64 MB used.

Virtual space:
  Non-class space:        8.00 MB reserved,       6.12 MB ( 77%) committed,  1 nodes.
      Class space:        1.00 GB reserved,     576.00 KB ( <1%) committed,  1 nodes.
             Both:        1.01 GB reserved,       6.69 MB ( <1%) committed. 

Chunk freelists:
   Non-Class:  1020.00 KB
       Class:  3.25 MB
        Both:  4.25 MB

MaxMetaspaceSize: unlimited
CompressedClassSpaceSize: 1.00 GB
Initial GC threshold: 21.00 MB
Current GC threshold: 21.00 MB
CDS: off
MetaspaceReclaimPolicy: balanced
 - commit_granule_bytes: 65536.
 - commit_granule_words: 8192.
 - virtual_space_node_default_size: 1048576.
 - enlarge_chunks_in_place: 1.
 - new_chunks_are_fully_committed: 0.
 - uncommit_free_chunks: 1.
 - use_allocation_guard: 0.
 - handle_deallocations: 1.


Internal statistics:

num_allocs_failed_limit: 0.
num_arena_births: 8.
num_arena_deaths: 0.
num_vsnodes_births: 2.
num_vsnodes_deaths: 0.
num_space_committed: 107.
num_space_uncommitted: 0.
num_chunks_returned_to_freelist: 0.
num_chunks_taken_from_freelist: 26.
num_chunk_merges: 0.
num_chunk_splits: 9.
num_chunks_enlarged: 2.
num_purges: 0.
num_inconsistent_stats: 0.

CodeHeap 'non-profiled nmethods': size=120000Kb used=164Kb max_used=164Kb free=119835Kb
 bounds [0x000001da07ad0000, 0x000001da07d40000, 0x000001da0f000000]
CodeHeap 'profiled nmethods': size=120000Kb used=602Kb max_used=602Kb free=119397Kb
 bounds [0x000001da005a0000, 0x000001da00810000, 0x000001da07ad0000]
CodeHeap 'non-nmethods': size=5760Kb used=1109Kb max_used=1140Kb free=4650Kb
 bounds [0x000001da00000000, 0x000001da00270000, 0x000001da005a0000]
 total_blobs=803 nmethods=417 adapters=299
 compilation: enabled
              stopped_count=0, restarted_count=0
 full_count=0

Compilation events (20 events):
Event: 0.343 Thread 0x000001da138423c0  414       3       java.nio.MappedByteBuffer::flip (7 bytes)
Event: 0.343 Thread 0x000001da138423c0 nmethod 414 0x000001da00631090 code [0x000001da00631240, 0x000001da00631418]
Event: 0.343 Thread 0x000001da138423c0  415       3       java.nio.HeapByteBuffer::put (12 bytes)
Event: 0.343 Thread 0x000001da138423c0 nmethod 415 0x000001da00631510 code [0x000001da006316e0, 0x000001da00631a68]
Event: 0.343 Thread 0x000001da138423c0  416       3       java.nio.ByteBuffer::put (124 bytes)
Event: 0.343 Thread 0x000001da138423c0 nmethod 416 0x000001da00631c10 code [0x000001da00631e40, 0x000001da00632648]
Event: 0.343 Thread 0x000001da138423c0  417   !   3       java.nio.ByteBuffer::putBuffer (142 bytes)
Event: 0.344 Thread 0x000001da138423c0 nmethod 417 0x000001da00632890 code [0x000001da00632b40, 0x000001da006337b8]
Event: 0.344 Thread 0x000001da138423c0  418       3       sun.nio.ch.Util::isBufferTooLarge (8 bytes)
Event: 0.344 Thread 0x000001da138423c0 nmethod 418 0x000001da00633f10 code [0x000001da006340a0, 0x000001da00634278]
Event: 0.344 Thread 0x000001da138423c0  419       3       sun.nio.ch.Util$BufferCache::offerFirst (73 bytes)
Event: 0.344 Thread 0x000001da138423c0 nmethod 419 0x000001da00634390 code [0x000001da00634540, 0x000001da00634898]
Event: 0.344 Thread 0x000001da138423c0  420       3       java.nio.MappedByteBuffer::rewind (5 bytes)
Event: 0.344 Thread 0x000001da138423c0 nmethod 420 0x000001da00634990 code [0x000001da00634b40, 0x000001da00634d78]
Event: 0.344 Thread 0x000001da138423c0  421       3       java.nio.MappedByteBuffer::rewind (7 bytes)
Event: 0.345 Thread 0x000001da138423c0 nmethod 421 0x000001da00634e90 code [0x000001da00635040, 0x000001da00635218]
Event: 0.345 Thread 0x000001da138423c0  422       3       sun.nio.ch.Util::offerFirstTemporaryDirectBuffer (53 bytes)
Event: 0.345 Thread 0x000001da138423c0 nmethod 422 0x000001da00635310 code [0x000001da00635560, 0x000001da00635ef8]
Event: 0.345 Thread 0x000001da138423c0  423       3       java.nio.Buffer$1::acquireScope (41 bytes)
Event: 0.345 Thread 0x000001da138423c0 nmethod 423 0x000001da00636210 code [0x000001da00636400, 0x000001da00636838]

GC Heap History (4 events):
Event: 0.279 GC heap before
{Heap before GC invocations=0 (full 0):
 garbage-first heap   total 131072K, used 13312K [0x0000000081c00000, 0x0000000100000000)
  region size 1024K, 13 young (13312K), 0 survivors (0K)
 Metaspace       used 6751K, committed 6784K, reserved 1056768K
  class space    used 565K, committed 576K, reserved 1048576K
}
Event: 0.280 GC heap after
{Heap after GC invocations=1 (full 0):
 garbage-first heap   total 131072K, used 1279K [0x0000000081c00000, 0x0000000100000000)
  region size 1024K, 2 young (2048K), 2 survivors (2048K)
 Metaspace       used 6751K, committed 6784K, reserved 1056768K
  class space    used 565K, committed 576K, reserved 1048576K
}
Event: 0.320 GC heap before
{Heap before GC invocations=1 (full 0):
 garbage-first heap   total 131072K, used 20735K [0x0000000081c00000, 0x0000000100000000)
  region size 1024K, 21 young (21504K), 2 survivors (2048K)
 Metaspace       used 6777K, committed 6848K, reserved 1056768K
  class space    used 565K, committed 576K, reserved 1048576K
}
Event: 0.322 GC heap after
{Heap after GC invocations=2 (full 0):
 garbage-first heap   total 131072K, used 1235K [0x0000000081c00000, 0x0000000100000000)
  region size 1024K, 2 young (2048K), 2 survivors (2048K)
 Metaspace       used 6777K, committed 6848K, reserved 1056768K
  class space    used 565K, committed 576K, reserved 1048576K
}

Deoptimization events (20 events):
Event: 0.257 Thread 0x000001da7733deb0 DEOPT PACKING pc=0x000001da005de88d sp=0x0000007085ffee70
Event: 0.257 Thread 0x000001da7733deb0 DEOPT UNPACKING pc=0x000001da00052b43 sp=0x0000007085ffe320 mode 0
Event: 0.258 Thread 0x000001da7733deb0 DEOPT PACKING pc=0x000001da005de88d sp=0x0000007085ffee70
Event: 0.258 Thread 0x000001da7733deb0 DEOPT UNPACKING pc=0x000001da00052b43 sp=0x0000007085ffe320 mode 0
Event: 0.258 Thread 0x000001da7733deb0 DEOPT PACKING pc=0x000001da005de88d sp=0x0000007085ffee70
Event: 0.258 Thread 0x000001da7733deb0 DEOPT UNPACKING pc=0x000001da00052b43 sp=0x0000007085ffe320 mode 0
Event: 0.259 Thread 0x000001da7733deb0 DEOPT PACKING pc=0x000001da005de88d sp=0x0000007085ffee70
Event: 0.259 Thread 0x000001da7733deb0 DEOPT UNPACKING pc=0x000001da00052b43 sp=0x0000007085ffe320 mode 0
Event: 0.288 Thread 0x000001da7733deb0 Uncommon trap: trap_request=0xffffff45 fr.pc=0x000001da07ae720c relative=0x00000000000001ec
Event: 0.288 Thread 0x000001da7733deb0 Uncommon trap: reason=unstable_if action=reinterpret pc=0x000001da07ae720c method=java.util.regex.Matcher.search(I)Z @ 126 c2
Event: 0.288 Thread 0x000001da7733deb0 DEOPT PACKING pc=0x000001da07ae720c sp=0x0000007085ffef50
Event: 0.288 Thread 0x000001da7733deb0 DEOPT UNPACKING pc=0x000001da000523a3 sp=0x0000007085ffeef8 mode 2
Event: 0.319 Thread 0x000001da7733deb0 Uncommon trap: trap_request=0xffffff45 fr.pc=0x000001da07af6ea0 relative=0x0000000000000920
Event: 0.319 Thread 0x000001da7733deb0 Uncommon trap: reason=unstable_if action=reinterpret pc=0x000001da07af6ea0 method=java.util.Scanner.findPatternInBuffer(Ljava/util/regex/Pattern;I)Z @ 71 c2
Event: 0.319 Thread 0x000001da7733deb0 DEOPT PACKING pc=0x000001da07af6ea0 sp=0x0000007085ffefd0
Event: 0.319 Thread 0x000001da7733deb0 DEOPT UNPACKING pc=0x000001da000523a3 sp=0x0000007085ffefa0 mode 2
Event: 0.369 Thread 0x000001da7733deb0 Uncommon trap: trap_request=0xffffff45 fr.pc=0x000001da07af5e48 relative=0x0000000000000588
Event: 0.369 Thread 0x000001da7733deb0 Uncommon trap: reason=unstable_if action=reinterpret pc=0x000001da07af5e48 method=java.util.regex.Matcher$ImmutableMatchResult.group(I)Ljava/lang/String; @ 52 c2
Event: 0.369 Thread 0x000001da7733deb0 DEOPT PACKING pc=0x000001da07af5e48 sp=0x0000007085fff080
Event: 0.369 Thread 0x000001da7733deb0 DEOPT UNPACKING pc=0x000001da000523a3 sp=0x0000007085fff048 mode 2

Classes unloaded (0 events):
No events

Classes redefined (0 events):
No events

Internal exceptions (0 events):
No events

VM Operations (20 events):
Event: 0.209 Executing VM operation: ICBufferFull
Event: 0.209 Executing VM operation: ICBufferFull done
Event: 0.209 Executing VM operation: ICBufferFull
Event: 0.209 Executing VM operation: ICBufferFull done
Event: 0.210 Executing VM operation: ICBufferFull
Event: 0.210 Executing VM operation: ICBufferFull done
Event: 0.210 Executing VM operation: ICBufferFull
Event: 0.210 Executing VM operation: ICBufferFull done
Event: 0.211 Executing VM operation: ICBufferFull
Event: 0.211 Executing VM operation: ICBufferFull done
Event: 0.212 Executing VM operation: ICBufferFull
Event: 0.212 Executing VM operation: ICBufferFull done
Event: 0.213 Executing VM operation: ICBufferFull
Event: 0.213 Executing VM operation: ICBufferFull done
Event: 0.231 Executing VM operation: ICBufferFull
Event: 0.231 Executing VM operation: ICBufferFull done
Event: 0.278 Executing VM operation: G1CollectForAllocation
Event: 0.280 Executing VM operation: G1CollectForAllocation done
Event: 0.320 Executing VM operation: G1CollectForAllocation
Event: 0.322 Executing VM operation: G1CollectForAllocation done

Events (20 events):
Event: 0.187 loading class sun/nio/ch/Util$BufferCache done
Event: 0.187 loading class java/util/IdentityHashMap
Event: 0.187 loading class java/util/IdentityHashMap done
Event: 0.187 loading class java/util/IdentityHashMap$KeySet
Event: 0.188 loading class java/util/IdentityHashMap$KeySet done
Event: 0.188 loading class java/nio/DirectByteBuffer$Deallocator
Event: 0.188 loading class java/nio/DirectByteBuffer$Deallocator done
Event: 0.188 loading class sun/nio/ch/IOStatus
Event: 0.188 loading class sun/nio/ch/IOStatus done
Event: 0.188 loading class java/util/regex/Matcher$ImmutableMatchResult
Event: 0.188 loading class java/util/regex/Matcher$ImmutableMatchResult done
Event: 0.188 loading class java/util/ArrayList$SubList
Event: 0.188 loading class java/util/ArrayList$SubList done
Event: 0.189 loading class java/lang/NumberFormatException
Event: 0.189 loading class java/lang/NumberFormatException done
Event: 0.220 Thread 0x000001da13ae4e70 Thread added: 0x000001da13ae4e70
Event: 0.283 loading class jdk/internal/access/foreign/MemorySegmentProxy
Event: 0.284 loading class jdk/internal/access/foreign/MemorySegmentProxy done
Event: 0.323 loading class java/util/function/BiFunction
Event: 0.323 loading class java/util/function/BiFunction done


Dynamic libraries:
0x00007ff6375c0000 - 0x00007ff6375ce000 	E:\Main\ProgramData\eclipse\plugins\org.eclipse.justj.openjdk.hotspot.jre.full.win32.x86_64_17.0.3.v20220515-1416\jre\bin\javaw.exe
0x00007ffe82790000 - 0x00007ffe82988000 	C:\WINDOWS\SYSTEM32\ntdll.dll
0x00007ffe824d0000 - 0x00007ffe8258d000 	C:\WINDOWS\System32\KERNEL32.DLL
0x00007ffe800f0000 - 0x00007ffe803be000 	C:\WINDOWS\System32\KERNELBASE.dll
0x00007ffe7fff0000 - 0x00007ffe800f0000 	C:\WINDOWS\System32\ucrtbase.dll
0x00007ffe7b970000 - 0x00007ffe7b988000 	E:\Main\ProgramData\eclipse\plugins\org.eclipse.justj.openjdk.hotspot.jre.full.win32.x86_64_17.0.3.v20220515-1416\jre\bin\jli.dll
0x00007ffe79c70000 - 0x00007ffe79c89000 	E:\Main\ProgramData\eclipse\plugins\org.eclipse.justj.openjdk.hotspot.jre.full.win32.x86_64_17.0.3.v20220515-1416\jre\bin\VCRUNTIME140.dll
0x00007ffe82200000 - 0x00007ffe823a0000 	C:\WINDOWS\System32\USER32.dll
0x00007ffe7feb0000 - 0x00007ffe7fed2000 	C:\WINDOWS\System32\win32u.dll
0x00007ffe70a10000 - 0x00007ffe70caa000 	C:\WINDOWS\WinSxS\amd64_microsoft.windows.common-controls_6595b64144ccf1df_6.0.19041.1110_none_60b5254171f9507e\COMCTL32.dll
0x00007ffe811c0000 - 0x00007ffe811ea000 	C:\WINDOWS\System32\GDI32.dll
0x00007ffe826b0000 - 0x00007ffe8274e000 	C:\WINDOWS\System32\msvcrt.dll
0x00007ffe7fee0000 - 0x00007ffe7ffeb000 	C:\WINDOWS\System32\gdi32full.dll
0x00007ffe80750000 - 0x00007ffe807ed000 	C:\WINDOWS\System32\msvcp_win.dll
0x00007ffe813a0000 - 0x00007ffe813d0000 	C:\WINDOWS\System32\IMM32.DLL
0x00007ffe7ad70000 - 0x00007ffe7ad7c000 	E:\Main\ProgramData\eclipse\plugins\org.eclipse.justj.openjdk.hotspot.jre.full.win32.x86_64_17.0.3.v20220515-1416\jre\bin\vcruntime140_1.dll
0x00007ffe550c0000 - 0x00007ffe55151000 	E:\Main\ProgramData\eclipse\plugins\org.eclipse.justj.openjdk.hotspot.jre.full.win32.x86_64_17.0.3.v20220515-1416\jre\bin\msvcp140.dll
0x00007ffe14400000 - 0x00007ffe15048000 	E:\Main\ProgramData\eclipse\plugins\org.eclipse.justj.openjdk.hotspot.jre.full.win32.x86_64_17.0.3.v20220515-1416\jre\bin\server\jvm.dll
0x00007ffe81490000 - 0x00007ffe8153e000 	C:\WINDOWS\System32\ADVAPI32.dll
0x00007ffe81540000 - 0x00007ffe815dc000 	C:\WINDOWS\System32\sechost.dll
0x00007ffe823a0000 - 0x00007ffe824c5000 	C:\WINDOWS\System32\RPCRT4.dll
0x00007ffe81e90000 - 0x00007ffe81e98000 	C:\WINDOWS\System32\PSAPI.DLL
0x00007ffe7d3b0000 - 0x00007ffe7d3b9000 	C:\WINDOWS\SYSTEM32\WSOCK32.dll
0x00007ffe76bd0000 - 0x00007ffe76bf7000 	C:\WINDOWS\SYSTEM32\WINMM.dll
0x00007ffe7a960000 - 0x00007ffe7a96a000 	C:\WINDOWS\SYSTEM32\VERSION.dll
0x00007ffe81e20000 - 0x00007ffe81e8b000 	C:\WINDOWS\System32\WS2_32.dll
0x00007ffe7ddd0000 - 0x00007ffe7dde2000 	C:\WINDOWS\SYSTEM32\kernel.appcore.dll
0x00007ffe7d3a0000 - 0x00007ffe7d3aa000 	E:\Main\ProgramData\eclipse\plugins\org.eclipse.justj.openjdk.hotspot.jre.full.win32.x86_64_17.0.3.v20220515-1416\jre\bin\jimage.dll
0x00007ffe6cf40000 - 0x00007ffe6d124000 	C:\WINDOWS\SYSTEM32\DBGHELP.DLL
0x00007ffe6cd00000 - 0x00007ffe6cd2c000 	C:\WINDOWS\SYSTEM32\dbgcore.DLL
0x00007ffe80670000 - 0x00007ffe806f2000 	C:\WINDOWS\System32\bcryptPrimitives.dll
0x00007ffe7a120000 - 0x00007ffe7a145000 	E:\Main\ProgramData\eclipse\plugins\org.eclipse.justj.openjdk.hotspot.jre.full.win32.x86_64_17.0.3.v20220515-1416\jre\bin\java.dll
0x00007ffe7cb90000 - 0x00007ffe7cba8000 	E:\Main\ProgramData\eclipse\plugins\org.eclipse.justj.openjdk.hotspot.jre.full.win32.x86_64_17.0.3.v20220515-1416\jre\bin\zip.dll
0x00007ffe80a70000 - 0x00007ffe811b4000 	C:\WINDOWS\System32\SHELL32.dll
0x00007ffe7dfd0000 - 0x00007ffe7e764000 	C:\WINDOWS\SYSTEM32\windows.storage.dll
0x00007ffe81ea0000 - 0x00007ffe821f4000 	C:\WINDOWS\System32\combase.dll
0x00007ffe7f8a0000 - 0x00007ffe7f8d0000 	C:\WINDOWS\SYSTEM32\Wldp.dll
0x00007ffe815e0000 - 0x00007ffe8168d000 	C:\WINDOWS\System32\SHCORE.dll
0x00007ffe81690000 - 0x00007ffe816e5000 	C:\WINDOWS\System32\shlwapi.dll
0x00007ffe7fdf0000 - 0x00007ffe7fe0f000 	C:\WINDOWS\SYSTEM32\profapi.dll
0x00007ffe7aef0000 - 0x00007ffe7af09000 	E:\Main\ProgramData\eclipse\plugins\org.eclipse.justj.openjdk.hotspot.jre.full.win32.x86_64_17.0.3.v20220515-1416\jre\bin\net.dll
0x00007ffe79f90000 - 0x00007ffe7a09a000 	C:\WINDOWS\SYSTEM32\WINHTTP.dll
0x00007ffe7f5a0000 - 0x00007ffe7f60a000 	C:\WINDOWS\system32\mswsock.dll
0x00007ffe78f50000 - 0x00007ffe78f65000 	E:\Main\ProgramData\eclipse\plugins\org.eclipse.justj.openjdk.hotspot.jre.full.win32.x86_64_17.0.3.v20220515-1416\jre\bin\nio.dll

dbghelp: loaded successfully - version: 4.0.5 - missing functions: none
symbol engine: initialized successfully - sym options: 0x614 - pdb path: .;E:\Main\ProgramData\eclipse\plugins\org.eclipse.justj.openjdk.hotspot.jre.full.win32.x86_64_17.0.3.v20220515-1416\jre\bin;C:\WINDOWS\SYSTEM32;C:\WINDOWS\WinSxS\amd64_microsoft.windows.common-controls_6595b64144ccf1df_6.0.19041.1110_none_60b5254171f9507e;E:\Main\ProgramData\eclipse\plugins\org.eclipse.justj.openjdk.hotspot.jre.full.win32.x86_64_17.0.3.v20220515-1416\jre\bin\server

VM Arguments:
jvm_args: -Dfile.encoding=UTF-8 -XX:+ShowCodeDetailsInExceptionMessages 
java_command: Entrepreneurship_test
java_class_path (initial): D:\Users\OneDrive\Documents\Sch\Yr3 (22-23)\Sem1\CS2040 - Data Structures and Algorithms\Lab Materials\Lab 3\Lab3_public\Entrepreneurship\bin
Launcher Type: SUN_STANDARD

[Global flags]
     intx CICompilerCount                          = 3                                         {product} {ergonomic}
     uint ConcGCThreads                            = 1                                         {product} {ergonomic}
     uint G1ConcRefinementThreads                  = 4                                         {product} {ergonomic}
   size_t G1HeapRegionSize                         = 1048576                                   {product} {ergonomic}
    uintx GCDrainStackTargetSize                   = 64                                        {product} {ergonomic}
   size_t InitialHeapSize                          = 134217728                                 {product} {ergonomic}
   size_t MarkStackSize                            = 4194304                                   {product} {ergonomic}
   size_t MaxHeapSize                              = 2118123520                                {product} {ergonomic}
   size_t MaxNewSize                               = 1270874112                                {product} {ergonomic}
   size_t MinHeapDeltaBytes                        = 1048576                                   {product} {ergonomic}
   size_t MinHeapSize                              = 8388608                                   {product} {ergonomic}
    uintx NonNMethodCodeHeapSize                   = 5832780                                {pd product} {ergonomic}
    uintx NonProfiledCodeHeapSize                  = 122912730                              {pd product} {ergonomic}
    uintx ProfiledCodeHeapSize                     = 122912730                              {pd product} {ergonomic}
    uintx ReservedCodeCacheSize                    = 251658240                              {pd product} {ergonomic}
     bool SegmentedCodeCache                       = true                                      {product} {ergonomic}
     bool ShowCodeDetailsInExceptionMessages       = true                                   {manageable} {command line}
   size_t SoftMaxHeapSize                          = 2118123520                             {manageable} {ergonomic}
     bool UseCompressedClassPointers               = true                           {product lp64_product} {ergonomic}
     bool UseCompressedOops                        = true                           {product lp64_product} {ergonomic}
     bool UseG1GC                                  = true                                      {product} {ergonomic}
     bool UseLargePagesIndividualAllocation        = false                                  {pd product} {ergonomic}

Logging:
Log output configuration:
 #0: stdout all=warning uptime,level,tags
 #1: stderr all=off uptime,level,tags

Environment Variables:
PATH=E:/Main/ProgramData/eclipse//plugins/org.eclipse.justj.openjdk.hotspot.jre.full.win32.x86_64_17.0.3.v20220515-1416/jre/bin/server;E:/Main/ProgramData/eclipse//plugins/org.eclipse.justj.openjdk.hotspot.jre.full.win32.x86_64_17.0.3.v20220515-1416/jre/bin;D:\Program Files\Python37\Scripts\;D:\Program Files\Python37\;C:\WINDOWS\system32;C:\WINDOWS;C:\WINDOWS\System32\Wbem;C:\WINDOWS\System32\WindowsPowerShell\v1.0\;C:\WINDOWS\System32\OpenSSH\;C:\Program Files\dotnet\;c:\WINDOWS\System32\WBem;C:\Users\l_hd9\AppData\Local\Microsoft\WindowsApps;C:\Users\l_hd9\.dotnet\tools;D:\Program Files\JetBrains\PyCharm Community Edition 2021.3.2\bin;;D:\Users\OneDrive\Documents\Sch\Yr3 (22-23)\Sem1\CS2040 - Data Structures and Algorithms\Lab Materials\Lab 3\Lab3_public\Entrepreneurship\skeleton;
USERNAME=l_hd9
OS=Windows_NT
PROCESSOR_IDENTIFIER=Intel64 Family 6 Model 60 Stepping 3, GenuineIntel



---------------  S Y S T E M  ---------------

OS:
 Windows 10 , 64 bit Build 19041 (10.0.19041.1889)
OS uptime: 0 days 5:08 hours

CPU: total 4 (initial active 4) (4 cores per cpu, 1 threads per core) family 6 model 60 stepping 3 microcode 0x27, cx8, cmov, fxsr, mmx, sse, sse2, sse3, ssse3, sse4.1, sse4.2, popcnt, lzcnt, tsc, tscinvbit, avx, avx2, aes, erms, clmul, bmi1, bmi2, fma, vzeroupper, clflush

Memory: 4k page, system-wide physical 8074M (2335M free)
TotalPageFile size 9827M (AvailPageFile size 5M)
current process WorkingSet (physical memory assigned to process): 82M, peak: 82M
current process commit charge ("private bytes"): 218M, peak: 218M

vm_info: OpenJDK 64-Bit Server VM (17.0.3+7) for windows-amd64 JRE (17.0.3+7), built on Apr 19 2022 16:55:35 by "" with MS VC++ 16.7 (VS2019)

END.
