#
# There is insufficient memory for the Java Runtime Environment to continue.
# Native memory allocation (mmap) failed to map 4194304 bytes for G1 virtual space
# Possible reasons:
#   The system is out of physical RAM or swap space
#   The process is running with CompressedOops enabled, and the Java Heap may be blocking the growth of the native heap
# Possible solutions:
#   Reduce memory load on the system
#   Increase physical memory or swap space
#   Check if swap backing store is full
#   Decrease Java heap size (-Xmx/-Xms)
#   Decrease number of Java threads
#   Decrease Java thread stack sizes (-Xss)
#   Set larger code cache with -XX:ReservedCodeCacheSize=
#   JVM is running with Unscaled Compressed Oops mode in which the Java heap is
#     placed in the first 4GB address space. The Java Heap base address is the
#     maximum limit for the native heap growth. Please use -XX:HeapBaseMinAddress
#     to set the Java Heap base and to place the Java Heap above 4GB virtual address.
# This output file may be truncated or incomplete.
#
#  Out of Memory Error (os_windows.cpp:3535), pid=6156, tid=18252
#
# JRE version:  (17.0.3+7) (build )
# Java VM: OpenJDK 64-Bit Server VM (17.0.3+7, mixed mode, sharing, tiered, compressed oops, compressed class ptrs, g1 gc, windows-amd64)
# No core dump will be written. Minidumps are not enabled by default on client versions of Windows
#

---------------  S U M M A R Y ------------

Command Line: -Dosgi.requiredJavaVersion=11 -Dosgi.instance.area.default=@user.home/eclipse-workspace -XX:+UseG1GC -XX:+UseStringDeduplication --add-modules=ALL-SYSTEM -Dosgi.requiredJavaVersion=11 -Dosgi.dataAreaRequiresExplicitInit=true -Dorg.eclipse.swt.graphics.Resource.reportNonDisposed=true -Xms256m -Xmx2048m --add-modules=ALL-SYSTEM Eclipse

Host: Intel(R) Core(TM) i5-4460  CPU @ 3.20GHz, 4 cores, 7G,  Windows 10 , 64 bit Build 19041 (10.0.19041.1889)
Time: Wed Sep 21 22:29:48 2022  Windows 10 , 64 bit Build 19041 (10.0.19041.1889) elapsed time: 0.021326 seconds (0d 0h 0m 0s)

---------------  T H R E A D  ---------------

Current thread (0x000001a0e5250890):  JavaThread "Unknown thread" [_thread_in_vm, id=18252, stack(0x0000007802a00000,0x0000007802b00000)]

Stack: [0x0000007802a00000,0x0000007802b00000]
Native frames: (J=compiled Java code, j=interpreted, Vv=VM code, C=native code)
V  [jvm.dll+0x675efa]
V  [jvm.dll+0x830a24]
V  [jvm.dll+0x8321ce]
V  [jvm.dll+0x832833]
V  [jvm.dll+0x2454b5]
V  [jvm.dll+0x672de9]
V  [jvm.dll+0x667732]
V  [jvm.dll+0x3043ab]
V  [jvm.dll+0x30b8f6]
V  [jvm.dll+0x35b658]
V  [jvm.dll+0x35b85f]
V  [jvm.dll+0x2db248]
V  [jvm.dll+0x2dc1b4]
V  [jvm.dll+0x802651]
V  [jvm.dll+0x3693b1]
V  [jvm.dll+0x7e1aac]
V  [jvm.dll+0x3ebd8f]
V  [jvm.dll+0x3ed911]
C  [eclipse_11700.dll+0x72e2]
C  [eclipse_11700.dll+0x3f69]
C  [eclipse.exe+0x1f27]
C  [eclipse.exe+0x3b74]
C  [KERNEL32.DLL+0x17034]
C  [ntdll.dll+0x526a1]


---------------  P R O C E S S  ---------------

Threads class SMR info:
_java_thread_list=0x00007ffdd9296e98, length=0, elements={
}

Java Threads: ( => current thread )

Other Threads:
  0x000001a0e52a6070 GCTaskThread "GC Thread#0" [stack: 0x0000007803300000,0x0000007803400000] [id=13904]
  0x000001a0e525acc0 ConcurrentGCThread "G1 Main Marker" [stack: 0x0000007803400000,0x0000007803500000] [id=3460]
  0x000001a0e52af590 ConcurrentGCThread "G1 Conc#0" [stack: 0x0000007803500000,0x0000007803600000] [id=10844]

[error occurred during error reporting (printing all threads), id 0xc0000005, EXCEPTION_ACCESS_VIOLATION (0xc0000005) at pc=0x00007ffdd8a6bcd7]

VM state: not at safepoint (not fully initialized)

VM Mutex/Monitor currently owned by a thread:  ([mutex/lock_event])
[0x000001a0e524d710] Heap_lock - owner thread: 0x000001a0e5250890

Heap address: 0x0000000080000000, size: 2048 MB, Compressed Oops mode: 32-bit

CDS archive(s) mapped at: [0x0000000000000000-0x0000000000000000-0x0000000000000000), size 0, SharedBaseAddress: 0x0000000800000000, ArchiveRelocationMode: 0.
Narrow klass base: 0x0000000000000000, Narrow klass shift: 0, Narrow klass range: 0x0

GC Precious Log:
<Empty>

Heap:
 garbage-first heap   total 0K, used 0K [0x0000000080000000, 0x0000000100000000)
  region size 1024K, 0 young (0K), 0 survivors (0K)

[error occurred during error reporting (printing heap information), id 0xc0000005, EXCEPTION_ACCESS_VIOLATION (0xc0000005) at pc=0x00007ffdd8e4f249]

GC Heap History (0 events):
No events

Deoptimization events (0 events):
No events

Classes unloaded (0 events):
No events

Classes redefined (0 events):
No events

Internal exceptions (0 events):
No events

VM Operations (0 events):
No events

Events (1 events):
Event: 0.016 Loaded shared library E:\Main\ProgramData\eclipse\plugins\org.eclipse.justj.openjdk.hotspot.jre.full.win32.x86_64_17.0.3.v20220515-1416\jre\bin\java.dll


Dynamic libraries:
0x00007ff7c3770000 - 0x00007ff7c37f4000 	E:\Main\ProgramData\eclipse\eclipse.exe
0x00007ffe57210000 - 0x00007ffe57408000 	C:\WINDOWS\SYSTEM32\ntdll.dll
0x00007ffe56870000 - 0x00007ffe5692d000 	C:\WINDOWS\System32\KERNEL32.DLL
0x00007ffe54ac0000 - 0x00007ffe54d8e000 	C:\WINDOWS\System32\KERNELBASE.dll
0x00007ffe55950000 - 0x00007ffe55af0000 	C:\WINDOWS\System32\USER32.dll
0x00007ffe55020000 - 0x00007ffe55042000 	C:\WINDOWS\System32\win32u.dll
0x00007ffe557a0000 - 0x00007ffe557ca000 	C:\WINDOWS\System32\GDI32.dll
0x00007ffe55050000 - 0x00007ffe5515b000 	C:\WINDOWS\System32\gdi32full.dll
0x00007ffe55160000 - 0x00007ffe551fd000 	C:\WINDOWS\System32\msvcp_win.dll
0x00007ffe54d90000 - 0x00007ffe54e90000 	C:\WINDOWS\System32\ucrtbase.dll
0x00007ffe45aa0000 - 0x00007ffe45d3a000 	C:\WINDOWS\WinSxS\amd64_microsoft.windows.common-controls_6595b64144ccf1df_6.0.19041.1110_none_60b5254171f9507e\COMCTL32.dll
0x00007ffe55290000 - 0x00007ffe5532e000 	C:\WINDOWS\System32\msvcrt.dll
0x00007ffe55ba0000 - 0x00007ffe55bd0000 	C:\WINDOWS\System32\IMM32.DLL
0x00007ffe40c50000 - 0x00007ffe40c8e000 	E:\Main\ProgramData\eclipse\plugins\org.eclipse.equinox.launcher.win32.win32.x86_64_1.2.500.v20220509-0833\eclipse_11700.dll
0x00007ffe55af0000 - 0x00007ffe55b9e000 	C:\WINDOWS\System32\ADVAPI32.dll
0x00007ffe56930000 - 0x00007ffe569cc000 	C:\WINDOWS\System32\sechost.dll
0x00007ffe55ca0000 - 0x00007ffe55dc5000 	C:\WINDOWS\System32\RPCRT4.dll
0x00007ffe56d90000 - 0x00007ffe56eba000 	C:\WINDOWS\System32\ole32.dll
0x00007ffe56a30000 - 0x00007ffe56d84000 	C:\WINDOWS\System32\combase.dll
0x00007ffe4e5b0000 - 0x00007ffe4e5ba000 	C:\WINDOWS\SYSTEM32\VERSION.dll
0x00007ffe52360000 - 0x00007ffe523fe000 	C:\WINDOWS\system32\uxtheme.dll
0x00007ffe55dd0000 - 0x00007ffe55ee5000 	C:\WINDOWS\System32\MSCTF.dll
0x00007ffe56fc0000 - 0x00007ffe5708d000 	C:\WINDOWS\System32\OLEAUT32.dll
0x00007ffe52840000 - 0x00007ffe52852000 	C:\WINDOWS\SYSTEM32\kernel.appcore.dll
0x00007ffe54980000 - 0x00007ffe54a02000 	C:\WINDOWS\System32\bcryptPrimitives.dll
0x00007ffe558a0000 - 0x00007ffe55949000 	C:\WINDOWS\System32\clbcatq.dll
0x00007ffe54ff0000 - 0x00007ffe55017000 	C:\WINDOWS\System32\bcrypt.dll
0x00007ffe3ca00000 - 0x00007ffe3caf9000 	C:\WINDOWS\SYSTEM32\textinputframework.dll
0x00007ffe51b10000 - 0x00007ffe51e6e000 	C:\WINDOWS\System32\CoreUIComponents.dll
0x00007ffe55bd0000 - 0x00007ffe55c7d000 	C:\WINDOWS\System32\SHCORE.dll
0x00007ffe51e70000 - 0x00007ffe51f62000 	C:\WINDOWS\System32\CoreMessaging.dll
0x00007ffe56f50000 - 0x00007ffe56fbb000 	C:\WINDOWS\System32\WS2_32.dll
0x00007ffe53630000 - 0x00007ffe53663000 	C:\WINDOWS\SYSTEM32\ntmarta.dll
0x00007ffe51440000 - 0x00007ffe51594000 	C:\WINDOWS\SYSTEM32\wintypes.dll
0x00007ffe39f80000 - 0x00007ffe39fe9000 	C:\WINDOWS\system32\IME\QQPinyinTSF\QQPinyinTSF.dll
0x00007ffe56120000 - 0x00007ffe56863000 	C:\WINDOWS\System32\SHELL32.dll
0x00007ffe15120000 - 0x00007ffe15e53000 	C:\WINDOWS\system32\IME\QQPinyinTSF\QQPinyin.ime
0x00007ffe55830000 - 0x00007ffe55885000 	C:\WINDOWS\System32\SHLWAPI.dll
0x00007ffe55890000 - 0x00007ffe55898000 	C:\WINDOWS\System32\PSAPI.DLL
0x00007ffe50650000 - 0x00007ffe50664000 	C:\WINDOWS\SYSTEM32\WTSAPI32.dll
0x00007ffe431e0000 - 0x00007ffe436b6000 	C:\WINDOWS\SYSTEM32\WININET.dll
0x00007ffe45a90000 - 0x00007ffe45a97000 	C:\WINDOWS\SYSTEM32\MSIMG32.dll
0x00007ffe53d50000 - 0x00007ffe53e1a000 	C:\WINDOWS\SYSTEM32\DNSAPI.dll
0x00007ffe371e0000 - 0x00007ffe371f9000 	C:\WINDOWS\SYSTEM32\USP10.dll
0x00007ffe53d10000 - 0x00007ffe53d4b000 	C:\WINDOWS\SYSTEM32\IPHLPAPI.DLL
0x00007ffe55c90000 - 0x00007ffe55c98000 	C:\WINDOWS\System32\NSI.dll
0x00007ffe52a40000 - 0x00007ffe531d5000 	C:\WINDOWS\SYSTEM32\windows.storage.dll
0x00007ffe54320000 - 0x00007ffe54350000 	C:\WINDOWS\System32\Wldp.dll
0x00007ffe54870000 - 0x00007ffe5488f000 	C:\WINDOWS\SYSTEM32\profapi.dll
0x00007ffe37090000 - 0x00007ffe3713c000 	C:\WINDOWS\SYSTEM32\TextShaping.dll
0x00007ffe560a0000 - 0x00007ffe56119000 	C:\WINDOWS\System32\coml2.dll
0x00007ffe504f0000 - 0x00007ffe505e6000 	C:\WINDOWS\System32\PROPSYS.dll
0x00007ffe54930000 - 0x00007ffe5497e000 	C:\WINDOWS\System32\CFGMGR32.dll
0x00007ffe337c0000 - 0x00007ffe33821000 	C:\Windows\System32\Windows.FileExplorer.Common.dll
0x00007ffe41e80000 - 0x00007ffe42131000 	C:\Windows\System32\iertutil.dll
0x00007ffe3a130000 - 0x00007ffe3a154000 	C:\WINDOWS\SYSTEM32\edputil.dll
0x00007ffdd8780000 - 0x00007ffdd93c8000 	E:\Main\ProgramData\eclipse\plugins\org.eclipse.justj.openjdk.hotspot.jre.full.win32.x86_64_17.0.3.v20220515-1416\jre\bin\server\jvm.dll
0x00007ffe504d0000 - 0x00007ffe504d9000 	C:\WINDOWS\SYSTEM32\WSOCK32.dll
0x00007ffe4d480000 - 0x00007ffe4d4a7000 	C:\WINDOWS\SYSTEM32\WINMM.dll
0x00007ffe4db20000 - 0x00007ffe4db2c000 	C:\WINDOWS\SYSTEM32\VCRUNTIME140_1.dll
0x00007ffe4e170000 - 0x00007ffe4e18b000 	C:\WINDOWS\SYSTEM32\VCRUNTIME140.dll
0x00007ffe50460000 - 0x00007ffe5046a000 	E:\Main\ProgramData\eclipse\plugins\org.eclipse.justj.openjdk.hotspot.jre.full.win32.x86_64_17.0.3.v20220515-1416\jre\bin\jimage.dll
0x00007ffe42690000 - 0x00007ffe42874000 	C:\WINDOWS\SYSTEM32\DBGHELP.DLL
0x00007ffe425a0000 - 0x00007ffe425cc000 	C:\WINDOWS\SYSTEM32\dbgcore.DLL
0x00007ffe414c0000 - 0x00007ffe414e5000 	E:\Main\ProgramData\eclipse\plugins\org.eclipse.justj.openjdk.hotspot.jre.full.win32.x86_64_17.0.3.v20220515-1416\jre\bin\java.dll
0x00007ffe40e10000 - 0x00007ffe40f56000 	C:\Windows\System32\Windows.StateRepositoryPS.dll
0x00007ffe42140000 - 0x00007ffe4232c000 	C:\WINDOWS\SYSTEM32\urlmon.dll
0x00007ffe429a0000 - 0x00007ffe429c8000 	C:\WINDOWS\SYSTEM32\srvcli.dll
0x00007ffe53e20000 - 0x00007ffe53e2c000 	C:\WINDOWS\SYSTEM32\netutils.dll
0x00007ffe54820000 - 0x00007ffe54852000 	C:\WINDOWS\SYSTEM32\SspiCli.dll
0x00007ffe364c0000 - 0x00007ffe364e2000 	C:\Windows\System32\cldapi.dll
0x00007ffe3ab10000 - 0x00007ffe3ab1b000 	C:\Windows\System32\FLTLIB.DLL
0x00007ffe39e90000 - 0x00007ffe39f20000 	C:\Windows\System32\appresolver.dll
0x00007ffe3a370000 - 0x00007ffe3a3cb000 	C:\Windows\System32\Bcp47Langs.dll
0x00007ffe534a0000 - 0x00007ffe534c9000 	C:\Windows\System32\SLC.dll
0x00007ffe53470000 - 0x00007ffe53495000 	C:\Windows\System32\sppc.dll
0x00007ffe547f0000 - 0x00007ffe5481e000 	C:\Windows\System32\USERENV.dll
0x00007ffe3ef90000 - 0x00007ffe3f00f000 	C:\Windows\System32\OneCoreCommonProxyStub.dll
0x00007ffe4c550000 - 0x00007ffe4cd19000 	C:\Windows\System32\OneCoreUAPCommonProxyStub.dll

dbghelp: loaded successfully - version: 4.0.5 - missing functions: none
symbol engine: initialized successfully - sym options: 0x614 - pdb path: .;E:\Main\ProgramData\eclipse;C:\WINDOWS\SYSTEM32;C:\WINDOWS\WinSxS\amd64_microsoft.windows.common-controls_6595b64144ccf1df_6.0.19041.1110_none_60b5254171f9507e;E:\Main\ProgramData\eclipse\plugins\org.eclipse.equinox.launcher.win32.win32.x86_64_1.2.500.v20220509-0833;C:\WINDOWS\system32\IME\QQPinyinTSF;E:\Main\ProgramData\eclipse\plugins\org.eclipse.justj.openjdk.hotspot.jre.full.win32.x86_64_17.0.3.v20220515-1416\jre\bin\server;E:\Main\ProgramData\eclipse\plugins\org.eclipse.justj.openjdk.hotspot.jre.full.win32.x86_64_17.0.3.v20220515-1416\jre\bin

VM Arguments:
jvm_args: -Dosgi.requiredJavaVersion=11 -Dosgi.instance.area.default=@user.home/eclipse-workspace -XX:+UseG1GC -XX:+UseStringDeduplication --add-modules=ALL-SYSTEM -Dosgi.requiredJavaVersion=11 -Dosgi.dataAreaRequiresExplicitInit=true -Dorg.eclipse.swt.graphics.Resource.reportNonDisposed=true -Xms256m -Xmx2048m --add-modules=ALL-SYSTEM 
java_command: Eclipse
java_class_path (initial): E:\Main\ProgramData\eclipse\\plugins/org.eclipse.equinox.launcher_1.6.400.v20210924-0641.jar
Launcher Type: generic

[Global flags]
     intx CICompilerCount                          = 3                                         {product} {ergonomic}
     uint ConcGCThreads                            = 1                                         {product} {ergonomic}
     uint G1ConcRefinementThreads                  = 4                                         {product} {ergonomic}
   size_t G1HeapRegionSize                         = 1048576                                   {product} {ergonomic}
    uintx GCDrainStackTargetSize                   = 64                                        {product} {ergonomic}
   size_t InitialHeapSize                          = 268435456                                 {product} {command line}
   size_t MarkStackSize                            = 4194304                                   {product} {ergonomic}
   size_t MaxHeapSize                              = 2147483648                                {product} {command line}
   size_t MinHeapDeltaBytes                        = 1048576                                   {product} {ergonomic}
   size_t MinHeapSize                              = 268435456                                 {product} {command line}
    uintx NonNMethodCodeHeapSize                   = 5832780                                {pd product} {ergonomic}
    uintx NonProfiledCodeHeapSize                  = 122912730                              {pd product} {ergonomic}
    uintx ProfiledCodeHeapSize                     = 122912730                              {pd product} {ergonomic}
    uintx ReservedCodeCacheSize                    = 251658240                              {pd product} {ergonomic}
     bool SegmentedCodeCache                       = true                                      {product} {ergonomic}
   size_t SoftMaxHeapSize                          = 2147483648                             {manageable} {ergonomic}
     bool UseCompressedClassPointers               = true                           {product lp64_product} {ergonomic}
     bool UseCompressedOops                        = true                           {product lp64_product} {ergonomic}
     bool UseG1GC                                  = true                                      {product} {command line}
     bool UseLargePagesIndividualAllocation        = false                                  {pd product} {ergonomic}
     bool UseStringDeduplication                   = true                                      {product} {command line}

Logging:
Log output configuration:
 #0: stdout all=warning uptime,level,tags
 #1: stderr all=off uptime,level,tags

Environment Variables:
PATH=D:\Program Files\Python37\Scripts\;D:\Program Files\Python37\;C:\WINDOWS\system32;C:\WINDOWS;C:\WINDOWS\System32\Wbem;C:\WINDOWS\System32\WindowsPowerShell\v1.0\;C:\WINDOWS\System32\OpenSSH\;C:\Program Files\dotnet\;c:\WINDOWS\System32\WBem;C:\Users\l_hd9\AppData\Local\Microsoft\WindowsApps;C:\Users\l_hd9\.dotnet\tools;D:\Program Files\JetBrains\PyCharm Community Edition 2021.3.2\bin;;D:\Bandizip
USERNAME=l_hd9
OS=Windows_NT
PROCESSOR_IDENTIFIER=Intel64 Family 6 Model 60 Stepping 3, GenuineIntel



---------------  S Y S T E M  ---------------

OS:
 Windows 10 , 64 bit Build 19041 (10.0.19041.1889)
OS uptime: 0 days 10:28 hours

CPU: total 4 (initial active 4) (4 cores per cpu, 1 threads per core) family 6 model 60 stepping 3 microcode 0x27, cx8, cmov, fxsr, mmx, sse, sse2, sse3, ssse3, sse4.1, sse4.2, popcnt, lzcnt, tsc, tscinvbit, avx, avx2, aes, erms, clmul, bmi1, bmi2, fma, vzeroupper, clflush

Memory: 4k page, system-wide physical 8074M (1534M free)
TotalPageFile size 11101M (AvailPageFile size 3M)
current process WorkingSet (physical memory assigned to process): 42M, peak: 42M
current process commit charge ("private bytes"): 321M, peak: 324M

vm_info: OpenJDK 64-Bit Server VM (17.0.3+7) for windows-amd64 JRE (17.0.3+7), built on Apr 19 2022 16:55:35 by "" with MS VC++ 16.7 (VS2019)

END.
