#
# There is insufficient memory for the Java Runtime Environment to continue.
# Native memory allocation (mmap) failed to map 65536 bytes for Failed to commit metaspace.
# Possible reasons:
#   The system is out of physical RAM or swap space
#   The process is running with CompressedOops enabled, and the Java Heap may be blocking the growth of the native heap
# Possible solutions:
#   Reduce memory load on the system
#   Increase physical memory or swap space
#   Check if swap backing store is full
#   Decrease Java heap size (-Xmx/-Xms)
#   Decrease number of Java threads
#   Decrease Java thread stack sizes (-Xss)
#   Set larger code cache with -XX:ReservedCodeCacheSize=
#   JVM is running with Unscaled Compressed Oops mode in which the Java heap is
#     placed in the first 4GB address space. The Java Heap base address is the
#     maximum limit for the native heap growth. Please use -XX:HeapBaseMinAddress
#     to set the Java Heap base and to place the Java Heap above 4GB virtual address.
# This output file may be truncated or incomplete.
#
#  Out of Memory Error (virtualSpaceNode.cpp:110), pid=15172, tid=13108
#
# JRE version: OpenJDK Runtime Environment Temurin-17.0.3+7 (17.0.3+7) (build 17.0.3+7)
# Java VM: OpenJDK 64-Bit Server VM Temurin-17.0.3+7 (17.0.3+7, mixed mode, tiered, compressed oops, compressed class ptrs, g1 gc, windows-amd64)
# No core dump will be written. Minidumps are not enabled by default on client versions of Windows
#

---------------  S U M M A R Y ------------

Command Line: -Dosgi.requiredJavaVersion=11 -Dosgi.instance.area.default=@user.home/eclipse-workspace -XX:+UseG1GC -XX:+UseStringDeduplication --add-modules=ALL-SYSTEM -Dosgi.requiredJavaVersion=11 -Dosgi.dataAreaRequiresExplicitInit=true -Dorg.eclipse.swt.graphics.Resource.reportNonDisposed=true -Xms256m -Xmx2048m --add-modules=ALL-SYSTEM Eclipse

Host: Intel(R) Core(TM) i5-4460  CPU @ 3.20GHz, 4 cores, 7G,  Windows 10 , 64 bit Build 19041 (10.0.19041.1889)
Time: Sun Sep 11 16:09:30 2022  Windows 10 , 64 bit Build 19041 (10.0.19041.1889) elapsed time: 11058.992746 seconds (0d 3h 4m 18s)

---------------  T H R E A D  ---------------

Current thread (0x0000018e7425c7e0):  JavaThread "main" [_thread_in_vm, id=13108, stack(0x00000037cd800000,0x00000037cd900000)]

Stack: [0x00000037cd800000,0x00000037cd900000]
Native frames: (J=compiled Java code, j=interpreted, Vv=VM code, C=native code)
V  [jvm.dll+0x675efa]
V  [jvm.dll+0x830a24]
V  [jvm.dll+0x8321ce]
V  [jvm.dll+0x832833]
V  [jvm.dll+0x2454b5]
V  [jvm.dll+0x82c9cb]
V  [jvm.dll+0x61ab26]
V  [jvm.dll+0x61ab8a]
V  [jvm.dll+0x61d3aa]
V  [jvm.dll+0x61b4c6]
V  [jvm.dll+0x62c2b9]
V  [jvm.dll+0x6255e4]
V  [jvm.dll+0x37f5c1]
C  0x0000018e0000c6e8

Java frames: (J=compiled Java code, j=interpreted, Vv=VM code)
j  java.lang.Throwable$WrappedPrintWriter.lock()Ljava/lang/Object;+0 java.base@17.0.3
j  java.lang.Throwable.printStackTrace(Ljava/lang/Throwable$PrintStreamOrWriter;)V+20 java.base@17.0.3
j  java.lang.Throwable.printStackTrace(Ljava/io/PrintWriter;)V+9 java.base@17.0.3
j  org.eclipse.osgi.internal.log.EquinoxLogWriter.getStackTrace(Ljava/lang/Throwable;)Ljava/lang/String;+25
j  org.eclipse.osgi.internal.log.EquinoxLogWriter.writeStack(Lorg/eclipse/osgi/framework/log/FrameworkLogEntry;)V+11
j  org.eclipse.osgi.internal.log.EquinoxLogWriter.writeLog(ILorg/eclipse/osgi/framework/log/FrameworkLogEntry;)V+13
j  org.eclipse.osgi.internal.log.EquinoxLogWriter.log(Lorg/eclipse/osgi/framework/log/FrameworkLogEntry;)V+45
j  org.eclipse.osgi.internal.log.EquinoxLogWriter.logged(Lorg/osgi/service/log/LogEntry;)V+32
j  org.eclipse.osgi.internal.log.ExtendedLogReaderServiceFactory.safeLogged(Lorg/osgi/service/log/LogListener;Lorg/osgi/service/log/LogEntry;)V+2
j  org.eclipse.osgi.internal.log.ExtendedLogReaderServiceFactory.logPrivileged(Lorg/osgi/framework/Bundle;Ljava/lang/String;Ljava/lang/StackTraceElement;Ljava/lang/Object;Lorg/osgi/service/log/LogLevel;ILjava/lang/String;Lorg/osgi/framework/ServiceReference;Ljava/lang/Throwable;)V+185
j  org.eclipse.osgi.internal.log.ExtendedLogReaderServiceFactory.log(Lorg/osgi/framework/Bundle;Ljava/lang/String;Ljava/lang/StackTraceElement;Ljava/lang/Object;Lorg/osgi/service/log/LogLevel;ILjava/lang/String;Lorg/osgi/framework/ServiceReference;Ljava/lang/Throwable;)V+52
j  org.eclipse.osgi.internal.log.ExtendedLogServiceFactory.log(Lorg/osgi/framework/Bundle;Ljava/lang/String;Ljava/lang/StackTraceElement;Ljava/lang/Object;Lorg/osgi/service/log/LogLevel;ILjava/lang/String;Lorg/osgi/framework/ServiceReference;Ljava/lang/Throwable;)V+19
j  org.eclipse.osgi.internal.log.LoggerImpl.log(Lorg/osgi/framework/Bundle;Ljava/lang/Object;Lorg/osgi/service/log/LogLevel;ILjava/lang/String;Lorg/osgi/framework/ServiceReference;Ljava/lang/Throwable;)V+48
j  org.eclipse.osgi.internal.log.LoggerImpl.log(Ljava/lang/Object;Lorg/osgi/service/log/LogLevel;ILjava/lang/String;Lorg/osgi/framework/ServiceReference;Ljava/lang/Throwable;)V+17
j  org.eclipse.osgi.internal.log.LoggerImpl.log(Ljava/lang/Object;ILjava/lang/String;Ljava/lang/Throwable;)V+8
j  org.eclipse.core.internal.runtime.Log.log(Lorg/eclipse/core/runtime/IStatus;)V+24
j  org.eclipse.ui.statushandlers.WorkbenchErrorHandler.handle(Lorg/eclipse/ui/statushandlers/StatusAdapter;I)V+94
j  org.eclipse.ui.internal.ide.IDEWorkbenchErrorHandler.handle(Lorg/eclipse/ui/statushandlers/StatusAdapter;I)V+80
j  org.eclipse.ui.internal.WorkbenchErrorHandlerProxy.handle(Lorg/eclipse/ui/statushandlers/StatusAdapter;I)V+11
j  org.eclipse.ui.statushandlers.StatusManager.handle(Lorg/eclipse/ui/statushandlers/StatusAdapter;I)V+74
j  org.eclipse.ui.statushandlers.StatusManager.handle(Lorg/eclipse/core/runtime/IStatus;I)V+12
j  org.eclipse.ui.statushandlers.StatusManager.handle(Lorg/eclipse/core/runtime/IStatus;)V+3
j  org.eclipse.ui.application.WorkbenchAdvisor.eventLoopException(Ljava/lang/Throwable;)V+22
j  org.eclipse.ui.internal.Workbench$1.eventLoopException(Ljava/lang/Throwable;)V+5
j  org.eclipse.e4.ui.internal.workbench.swt.PartRenderingEngine$5.handle(Ljava/lang/Throwable;Lorg/eclipse/e4/ui/internal/workbench/swt/IEventLoopAdvisor;)V+2
j  org.eclipse.e4.ui.internal.workbench.swt.PartRenderingEngine$5.lambda$1(Lorg/eclipse/e4/ui/internal/workbench/swt/IEventLoopAdvisor;Ljava/lang/RuntimeException;)V+3
j  org.eclipse.e4.ui.internal.workbench.swt.PartRenderingEngine$5$$Lambda$814+0x00000001009398a8.accept(Ljava/lang/Object;)V+12
j  org.eclipse.swt.internal.ExceptionStash.stash(Ljava/lang/Throwable;)V+23
J 12619 c2 org.eclipse.swt.widgets.EventTable.sendEvent(Lorg/eclipse/swt/widgets/Event;)V (619 bytes) @ 0x0000018e0815fe08 [0x0000018e0815ee40+0x0000000000000fc8]
J 12625 c2 org.eclipse.swt.widgets.Widget.sendEvent(ILorg/eclipse/swt/widgets/Event;Z)V (88 bytes) @ 0x0000018e08162318 [0x0000018e08161d40+0x00000000000005d8]
J 18186 c2 org.eclipse.swt.widgets.Widget.sendEvent(ILorg/eclipse/swt/widgets/Event;)V (8 bytes) @ 0x0000018e086114d8 [0x0000018e086114a0+0x0000000000000038]
j  org.eclipse.swt.widgets.Composite.WM_PAINT(JJ)Lorg/eclipse/swt/internal/win32/LRESULT;+453
J 25321 c2 org.eclipse.swt.widgets.Control.windowProc(JIJJ)J (2064 bytes) @ 0x0000018e08296f88 [0x0000018e08294340+0x0000000000002c48]
J 7492 c2 org.eclipse.swt.widgets.Display.windowProc(JJJJ)J (108 bytes) @ 0x0000018e07ef2e84 [0x0000018e07ef2d40+0x0000000000000144]
v  ~StubRoutines::call_stub
J 8467  org.eclipse.swt.internal.win32.OS.DispatchMessage(Lorg/eclipse/swt/internal/win32/MSG;)J (0 bytes) @ 0x0000018e07ed3bf2 [0x0000018e07ed3ba0+0x0000000000000052]
J 26175 c2 org.eclipse.swt.widgets.Display.readAndDispatch()Z (94 bytes) @ 0x0000018e084d6aa0 [0x0000018e084d6920+0x0000000000000180]
J 18832% c2 org.eclipse.e4.ui.internal.workbench.swt.PartRenderingEngine$5.run()V (690 bytes) @ 0x0000018e086c1c70 [0x0000018e086c19e0+0x0000000000000290]
j  org.eclipse.core.databinding.observable.Realm.runWithDefault(Lorg/eclipse/core/databinding/observable/Realm;Ljava/lang/Runnable;)V+12
j  org.eclipse.e4.ui.internal.workbench.swt.PartRenderingEngine.run(Lorg/eclipse/e4/ui/model/application/MApplicationElement;Lorg/eclipse/e4/core/contexts/IEclipseContext;)Ljava/lang/Object;+57
j  org.eclipse.e4.ui.internal.workbench.E4Workbench.createAndRunUI(Lorg/eclipse/e4/ui/model/application/MApplicationElement;)V+20
j  org.eclipse.ui.internal.Workbench.lambda$3(Lorg/eclipse/swt/widgets/Display;Lorg/eclipse/ui/application/WorkbenchAdvisor;[I)V+393
j  org.eclipse.ui.internal.Workbench$$Lambda$168+0x000000010027fcd8.run()V+12
j  org.eclipse.core.databinding.observable.Realm.runWithDefault(Lorg/eclipse/core/databinding/observable/Realm;Ljava/lang/Runnable;)V+12
j  org.eclipse.ui.internal.Workbench.createAndRunWorkbench(Lorg/eclipse/swt/widgets/Display;Lorg/eclipse/ui/application/WorkbenchAdvisor;)I+16
j  org.eclipse.ui.PlatformUI.createAndRunWorkbench(Lorg/eclipse/swt/widgets/Display;Lorg/eclipse/ui/application/WorkbenchAdvisor;)I+2
j  org.eclipse.ui.internal.ide.application.IDEApplication.start(Lorg/eclipse/equinox/app/IApplicationContext;)Ljava/lang/Object;+113
j  org.eclipse.equinox.internal.app.EclipseAppHandle.run(Ljava/lang/Object;)Ljava/lang/Object;+138
j  org.eclipse.core.runtime.internal.adaptor.EclipseAppLauncher.runApplication(Ljava/lang/Object;)Ljava/lang/Object;+85
j  org.eclipse.core.runtime.internal.adaptor.EclipseAppLauncher.start(Ljava/lang/Object;)Ljava/lang/Object;+79
j  org.eclipse.core.runtime.adaptor.EclipseStarter.run(Ljava/lang/Object;)Ljava/lang/Object;+99
j  org.eclipse.core.runtime.adaptor.EclipseStarter.run([Ljava/lang/String;Ljava/lang/Runnable;)Ljava/lang/Object;+132
v  ~StubRoutines::call_stub
j  jdk.internal.reflect.NativeMethodAccessorImpl.invoke0(Ljava/lang/reflect/Method;Ljava/lang/Object;[Ljava/lang/Object;)Ljava/lang/Object;+0 java.base@17.0.3
j  jdk.internal.reflect.NativeMethodAccessorImpl.invoke(Ljava/lang/Object;[Ljava/lang/Object;)Ljava/lang/Object;+133 java.base@17.0.3
j  jdk.internal.reflect.DelegatingMethodAccessorImpl.invoke(Ljava/lang/Object;[Ljava/lang/Object;)Ljava/lang/Object;+6 java.base@17.0.3
j  java.lang.reflect.Method.invoke(Ljava/lang/Object;[Ljava/lang/Object;)Ljava/lang/Object;+59 java.base@17.0.3
j  org.eclipse.equinox.launcher.Main.invokeFramework([Ljava/lang/String;[Ljava/net/URL;)V+201
j  org.eclipse.equinox.launcher.Main.basicRun([Ljava/lang/String;)V+159
j  org.eclipse.equinox.launcher.Main.run([Ljava/lang/String;)I+4
v  ~StubRoutines::call_stub

---------------  P R O C E S S  ---------------

Threads class SMR info:
_java_thread_list=0x0000018e2360dc80, length=36, elements={
0x0000018e7425c7e0, 0x0000018e7f471f70, 0x0000018e7f472c40, 0x0000018e7f4a8810,
0x0000018e7f4aacf0, 0x0000018e7f4ae9e0, 0x0000018e7f4af2a0, 0x0000018e7f4b0370,
0x0000018e7f550c40, 0x0000018e7f551150, 0x0000018e7f56bf20, 0x0000018e7f6723e0,
0x0000018e10352310, 0x0000018e104991f0, 0x0000018e1062e450, 0x0000018e10614000,
0x0000018e7f8aca00, 0x0000018e7f8ab1f0, 0x0000018e10c93bc0, 0x0000018e10c923b0,
0x0000018e10c94090, 0x0000018e10c91ee0, 0x0000018e10c94560, 0x0000018e7f8ab6c0,
0x0000018e10c91a10, 0x0000018e15119ff0, 0x0000018e1511bcd0, 0x0000018e151187e0,
0x0000018e1511c1a0, 0x0000018e1511b330, 0x0000018e15116fd0, 0x0000018e10c92d50,
0x0000018e13dbcb40, 0x0000018e13dbbcd0, 0x0000018e168f4310, 0x0000018e16a46170
}

Java Threads: ( => current thread )
=>0x0000018e7425c7e0 JavaThread "main" [_thread_in_vm, id=13108, stack(0x00000037cd800000,0x00000037cd900000)]
  0x0000018e7f471f70 JavaThread "Reference Handler" daemon [_thread_blocked, id=14796, stack(0x00000037ce800000,0x00000037ce900000)]
  0x0000018e7f472c40 JavaThread "Finalizer" daemon [_thread_blocked, id=12608, stack(0x00000037ce900000,0x00000037cea00000)]
  0x0000018e7f4a8810 JavaThread "Signal Dispatcher" daemon [_thread_blocked, id=10040, stack(0x00000037cea00000,0x00000037ceb00000)]
  0x0000018e7f4aacf0 JavaThread "Attach Listener" daemon [_thread_blocked, id=15248, stack(0x00000037ceb00000,0x00000037cec00000)]
  0x0000018e7f4ae9e0 JavaThread "Service Thread" daemon [_thread_blocked, id=5828, stack(0x00000037cec00000,0x00000037ced00000)]
  0x0000018e7f4af2a0 JavaThread "Monitor Deflation Thread" daemon [_thread_blocked, id=15224, stack(0x00000037ced00000,0x00000037cee00000)]
  0x0000018e7f4b0370 JavaThread "C2 CompilerThread0" daemon [_thread_blocked, id=15388, stack(0x00000037cee00000,0x00000037cef00000)]
  0x0000018e7f550c40 JavaThread "C1 CompilerThread0" daemon [_thread_blocked, id=15420, stack(0x00000037cef00000,0x00000037cf000000)]
  0x0000018e7f551150 JavaThread "Sweeper thread" daemon [_thread_blocked, id=660, stack(0x00000037cf000000,0x00000037cf100000)]
  0x0000018e7f56bf20 JavaThread "Common-Cleaner" daemon [_thread_blocked, id=15364, stack(0x00000037cf100000,0x00000037cf200000)]
  0x0000018e7f6723e0 JavaThread "Notification Thread" daemon [_thread_blocked, id=14460, stack(0x00000037cf200000,0x00000037cf300000)]
  0x0000018e10352310 JavaThread "Active Thread: Equinox Container: 69e17e1c-9a1a-4fed-b279-46788209b9cb" [_thread_blocked, id=15980, stack(0x00000037cf800000,0x00000037cf900000)]
  0x0000018e104991f0 JavaThread "Framework Event Dispatcher: Equinox Container: 69e17e1c-9a1a-4fed-b279-46788209b9cb" daemon [_thread_blocked, id=16012, stack(0x00000037cfa00000,0x00000037cfb00000)]
  0x0000018e1062e450 JavaThread "Start Level: Equinox Container: 69e17e1c-9a1a-4fed-b279-46788209b9cb" daemon [_thread_blocked, id=16016, stack(0x00000037cfb00000,0x00000037cfc00000)]
  0x0000018e10614000 JavaThread "SCR Component Actor" daemon [_thread_blocked, id=12284, stack(0x00000037cfc00000,0x00000037cfd00000)]
  0x0000018e7f8aca00 JavaThread "EMF Reference Cleaner" daemon [_thread_blocked, id=15368, stack(0x00000037cfe00000,0x00000037cff00000)]
  0x0000018e7f8ab1f0 JavaThread "Worker-JM" [_thread_blocked, id=16296, stack(0x00000037cff00000,0x00000037d0000000)]
  0x0000018e10c93bc0 JavaThread "Bundle File Closer" daemon [_thread_blocked, id=12836, stack(0x00000037d0000000,0x00000037d0100000)]
  0x0000018e10c923b0 JavaThread "Gogo shell" [_thread_blocked, id=14392, stack(0x00000037d0200000,0x00000037d0300000)]
  0x0000018e10c94090 JavaThread "Git Repository Closer" daemon [_thread_blocked, id=1952, stack(0x00000037d0400000,0x00000037d0500000)]
  0x0000018e10c91ee0 JavaThread "Java indexing" daemon [_thread_blocked, id=6136, stack(0x00000037d0500000,0x00000037d0600000)]
  0x0000018e10c94560 JavaThread "org.eclipse.jdt.internal.ui.text.JavaReconciler" daemon [_thread_blocked, id=8844, stack(0x00000037cfd00000,0x00000037cfe00000)]
  0x0000018e7f8ab6c0 JavaThread "EventAdmin Async Event Dispatcher Thread" daemon [_thread_blocked, id=7632, stack(0x00000037d0800000,0x00000037d0900000)]
  0x0000018e10c91a10 JavaThread "pool-1-thread-1" [_thread_blocked, id=9280, stack(0x00000037d0a00000,0x00000037d0b00000)]
  0x0000018e15119ff0 JavaThread "pool-2-thread-1" [_thread_blocked, id=11748, stack(0x00000037d0b00000,0x00000037d0c00000)]
  0x0000018e1511bcd0 JavaThread "Provisioning Event Dispatcher" daemon [_thread_blocked, id=9128, stack(0x00000037d1900000,0x00000037d1a00000)]
  0x0000018e151187e0 JavaThread "Thread-11" [_thread_blocked, id=1356, stack(0x00000037d1600000,0x00000037d1700000)]
  0x0000018e1511c1a0 JavaThread "pool-3-thread-1" [_thread_blocked, id=14900, stack(0x00000037cda00000,0x00000037cdb00000)]
  0x0000018e1511b330 JavaThread "org.eclipse.jdt.internal.ui.text.JavaReconciler" daemon [_thread_blocked, id=13924, stack(0x00000037d0300000,0x00000037d0400000)]
  0x0000018e15116fd0 JavaThread "org.eclipse.jdt.internal.ui.text.JavaReconciler" daemon [_thread_blocked, id=15988, stack(0x00000037d0d00000,0x00000037d0e00000)]
  0x0000018e10c92d50 JavaThread "org.eclipse.jdt.internal.ui.text.JavaReconciler" daemon [_thread_blocked, id=6432, stack(0x00000037d0900000,0x00000037d0a00000)]
  0x0000018e13dbcb40 JavaThread "org.eclipse.jdt.internal.ui.text.JavaReconciler" daemon [_thread_blocked, id=6020, stack(0x00000037d1200000,0x00000037d1300000)]
  0x0000018e13dbbcd0 JavaThread "org.eclipse.jdt.internal.ui.text.JavaReconciler" daemon [_thread_blocked, id=14736, stack(0x00000037d0f00000,0x00000037d1000000)]
  0x0000018e168f4310 JavaThread "Worker-37" [_thread_blocked, id=3600, stack(0x00000037d1a00000,0x00000037d1b00000)]
  0x0000018e16a46170 JavaThread "Worker-43" [_thread_blocked, id=7660, stack(0x00000037d1300000,0x00000037d1400000)]

Other Threads:
  0x0000018e743d8b30 VMThread "VM Thread" [stack: 0x00000037ce700000,0x00000037ce800000] [id=14848]
  0x0000018e7f672cc0 WatcherThread [stack: 0x00000037cf300000,0x00000037cf400000] [id=16364]
  0x0000018e742ac720 GCTaskThread "GC Thread#0" [stack: 0x00000037ce100000,0x00000037ce200000] [id=15244]
  0x0000018e7f94c830 GCTaskThread "GC Thread#1" [stack: 0x00000037cf500000,0x00000037cf600000] [id=15968]
  0x0000018e7f94cae0 GCTaskThread "GC Thread#2" [stack: 0x00000037cf600000,0x00000037cf700000] [id=15976]
  0x0000018e107578c0 GCTaskThread "GC Thread#3" [stack: 0x00000037cf700000,0x00000037cf800000] [id=15972]
  0x0000018e742b50b0 ConcurrentGCThread "G1 Main Marker" [stack: 0x00000037ce200000,0x00000037ce300000] [id=2460]
  0x0000018e742b5770 ConcurrentGCThread "G1 Conc#0" [stack: 0x00000037ce300000,0x00000037ce400000] [id=16280]
  0x0000018e74367360 ConcurrentGCThread "G1 Refine#0" [stack: 0x00000037ce400000,0x00000037ce500000] [id=16288]
  0x0000018e743656a0 ConcurrentGCThread "G1 Refine#1" [stack: 0x00000037cf900000,0x00000037cfa00000] [id=15996]
  0x0000018e10f55380 ConcurrentGCThread "G1 Refine#2" [stack: 0x00000037d0600000,0x00000037d0700000] [id=8832]
  0x0000018e74367a50 ConcurrentGCThread "G1 Service" [stack: 0x00000037ce500000,0x00000037ce600000] [id=16284]
  0x0000018e743c9570 ConcurrentGCThread "StringDedupProcessor" [stack: 0x00000037ce600000,0x00000037ce700000] [id=14652]

Threads with active compile tasks:

VM state: not at safepoint (normal execution)

VM Mutex/Monitor currently owned by a thread:  ([mutex/lock_event])
[0x0000018e7402d8e0] Metaspace_lock - owner thread: 0x0000018e7425c7e0

Heap address: 0x0000000080000000, size: 2048 MB, Compressed Oops mode: 32-bit

CDS archive(s) not mapped
Compressed class space mapped at: 0x0000000100000000-0x0000000140000000, reserved size: 1073741824
Narrow klass base: 0x0000000000000000, Narrow klass shift: 3, Narrow klass range: 0x140000000

GC Precious Log:
 CPUs: 4 total, 4 available
 Memory: 8074M
 Large Page Support: Disabled
 NUMA Support: Disabled
 Compressed Oops: Enabled (32-bit)
 Heap Region Size: 1M
 Heap Min Capacity: 256M
 Heap Initial Capacity: 256M
 Heap Max Capacity: 2G
 Pre-touch: Disabled
 Parallel Workers: 4
 Concurrent Workers: 1
 Concurrent Refinement Workers: 4
 Periodic GC: Disabled
 String Deduplication is enabled

Heap:
 garbage-first heap   total 262144K, used 206638K [0x0000000080000000, 0x0000000100000000)
  region size 1024K, 62 young (63488K), 4 survivors (4096K)
 Metaspace       used 132873K, committed 135296K, reserved 1171456K
  class space    used 14559K, committed 15552K, reserved 1048576K

Heap Regions: E=young(eden), S=young(survivor), O=old, HS=humongous(starts), HC=humongous(continues), CS=collection set, F=free, OA=open archive, CA=closed archive, TAMS=top-at-mark-start (previous, next)
|   0|0x0000000080000000, 0x0000000080100000, 0x0000000080100000|100%| O|  |TAMS 0x0000000080100000, 0x0000000080000000| Untracked 
|   1|0x0000000080100000, 0x0000000080200000, 0x0000000080200000|100%| O|  |TAMS 0x0000000080200000, 0x0000000080100000| Untracked 
|   2|0x0000000080200000, 0x0000000080300000, 0x0000000080300000|100%| O|  |TAMS 0x0000000080300000, 0x0000000080200000| Untracked 
|   3|0x0000000080300000, 0x0000000080400000, 0x0000000080400000|100%| O|  |TAMS 0x0000000080400000, 0x0000000080300000| Untracked 
|   4|0x0000000080400000, 0x0000000080500000, 0x0000000080500000|100%| O|  |TAMS 0x0000000080500000, 0x0000000080400000| Untracked 
|   5|0x0000000080500000, 0x0000000080600000, 0x0000000080600000|100%| O|  |TAMS 0x0000000080600000, 0x0000000080500000| Untracked 
|   6|0x0000000080600000, 0x0000000080700000, 0x0000000080700000|100%| O|  |TAMS 0x0000000080700000, 0x0000000080600000| Untracked 
|   7|0x0000000080700000, 0x0000000080800000, 0x0000000080800000|100%| O|  |TAMS 0x0000000080800000, 0x0000000080700000| Untracked 
|   8|0x0000000080800000, 0x0000000080900000, 0x0000000080900000|100%| O|  |TAMS 0x0000000080900000, 0x0000000080800000| Untracked 
|   9|0x0000000080900000, 0x0000000080a00000, 0x0000000080a00000|100%| O|  |TAMS 0x0000000080a00000, 0x0000000080900000| Untracked 
|  10|0x0000000080a00000, 0x0000000080b00000, 0x0000000080b00000|100%| O|  |TAMS 0x0000000080b00000, 0x0000000080a00000| Untracked 
|  11|0x0000000080b00000, 0x0000000080c00000, 0x0000000080c00000|100%| O|  |TAMS 0x0000000080b00000, 0x0000000080b00000| Untracked 
|  12|0x0000000080c00000, 0x0000000080d00000, 0x0000000080d00000|100%| O|  |TAMS 0x0000000080d00000, 0x0000000080c00000| Untracked 
|  13|0x0000000080d00000, 0x0000000080e00000, 0x0000000080e00000|100%| O|  |TAMS 0x0000000080e00000, 0x0000000080d00000| Untracked 
|  14|0x0000000080e00000, 0x0000000080f00000, 0x0000000080f00000|100%| O|  |TAMS 0x0000000080f00000, 0x0000000080e00000| Untracked 
|  15|0x0000000080f00000, 0x0000000081000000, 0x0000000081000000|100%| O|  |TAMS 0x0000000081000000, 0x0000000080f00000| Untracked 
|  16|0x0000000081000000, 0x0000000081100000, 0x0000000081100000|100%| O|  |TAMS 0x0000000081000000, 0x0000000081000000| Untracked 
|  17|0x0000000081100000, 0x0000000081200000, 0x0000000081200000|100%| O|  |TAMS 0x0000000081200000, 0x0000000081100000| Untracked 
|  18|0x0000000081200000, 0x0000000081300000, 0x0000000081300000|100%| O|  |TAMS 0x0000000081300000, 0x0000000081200000| Untracked 
|  19|0x0000000081300000, 0x0000000081400000, 0x0000000081400000|100%| O|  |TAMS 0x0000000081400000, 0x0000000081300000| Untracked 
|  20|0x0000000081400000, 0x0000000081500000, 0x0000000081500000|100%| O|  |TAMS 0x0000000081500000, 0x0000000081400000| Untracked 
|  21|0x0000000081500000, 0x0000000081600000, 0x0000000081600000|100%| O|  |TAMS 0x0000000081600000, 0x0000000081500000| Untracked 
|  22|0x0000000081600000, 0x0000000081700000, 0x0000000081700000|100%|HS|  |TAMS 0x0000000081700000, 0x0000000081600000| Complete 
|  23|0x0000000081700000, 0x0000000081800000, 0x0000000081800000|100%| O|  |TAMS 0x0000000081800000, 0x0000000081700000| Untracked 
|  24|0x0000000081800000, 0x0000000081900000, 0x0000000081900000|100%| O|  |TAMS 0x0000000081900000, 0x0000000081800000| Untracked 
|  25|0x0000000081900000, 0x0000000081a00000, 0x0000000081a00000|100%| O|  |TAMS 0x0000000081a00000, 0x0000000081900000| Untracked 
|  26|0x0000000081a00000, 0x0000000081b00000, 0x0000000081b00000|100%| O|  |TAMS 0x0000000081b00000, 0x0000000081a00000| Untracked 
|  27|0x0000000081b00000, 0x0000000081c00000, 0x0000000081c00000|100%| O|  |TAMS 0x0000000081c00000, 0x0000000081b00000| Untracked 
|  28|0x0000000081c00000, 0x0000000081d00000, 0x0000000081d00000|100%| O|  |TAMS 0x0000000081d00000, 0x0000000081c00000| Untracked 
|  29|0x0000000081d00000, 0x0000000081e00000, 0x0000000081e00000|100%| O|  |TAMS 0x0000000081e00000, 0x0000000081d00000| Untracked 
|  30|0x0000000081e00000, 0x0000000081f00000, 0x0000000081f00000|100%| O|  |TAMS 0x0000000081f00000, 0x0000000081e00000| Untracked 
|  31|0x0000000081f00000, 0x0000000082000000, 0x0000000082000000|100%| O|  |TAMS 0x0000000082000000, 0x0000000081f00000| Untracked 
|  32|0x0000000082000000, 0x0000000082100000, 0x0000000082100000|100%| O|  |TAMS 0x0000000082100000, 0x0000000082000000| Untracked 
|  33|0x0000000082100000, 0x0000000082200000, 0x0000000082200000|100%| O|  |TAMS 0x0000000082200000, 0x0000000082100000| Untracked 
|  34|0x0000000082200000, 0x0000000082300000, 0x0000000082300000|100%| O|  |TAMS 0x0000000082300000, 0x0000000082200000| Untracked 
|  35|0x0000000082300000, 0x0000000082400000, 0x0000000082400000|100%| O|  |TAMS 0x0000000082400000, 0x0000000082300000| Untracked 
|  36|0x0000000082400000, 0x0000000082500000, 0x0000000082500000|100%| O|  |TAMS 0x0000000082500000, 0x0000000082400000| Untracked 
|  37|0x0000000082500000, 0x0000000082600000, 0x0000000082600000|100%| O|  |TAMS 0x0000000082600000, 0x0000000082500000| Untracked 
|  38|0x0000000082600000, 0x0000000082700000, 0x0000000082700000|100%| O|  |TAMS 0x0000000082700000, 0x0000000082600000| Untracked 
|  39|0x0000000082700000, 0x0000000082800000, 0x0000000082800000|100%| O|  |TAMS 0x0000000082800000, 0x0000000082700000| Untracked 
|  40|0x0000000082800000, 0x0000000082900000, 0x0000000082900000|100%| O|  |TAMS 0x0000000082900000, 0x0000000082800000| Untracked 
|  41|0x0000000082900000, 0x0000000082a00000, 0x0000000082a00000|100%| O|  |TAMS 0x0000000082a00000, 0x0000000082900000| Untracked 
|  42|0x0000000082a00000, 0x0000000082b00000, 0x0000000082b00000|100%| O|  |TAMS 0x0000000082b00000, 0x0000000082a00000| Untracked 
|  43|0x0000000082b00000, 0x0000000082c00000, 0x0000000082c00000|100%|HS|  |TAMS 0x0000000082c00000, 0x0000000082b00000| Complete 
|  44|0x0000000082c00000, 0x0000000082d00000, 0x0000000082d00000|100%|HC|  |TAMS 0x0000000082d00000, 0x0000000082c00000| Complete 
|  45|0x0000000082d00000, 0x0000000082e00000, 0x0000000082e00000|100%| O|  |TAMS 0x0000000082e00000, 0x0000000082d00000| Untracked 
|  46|0x0000000082e00000, 0x0000000082f00000, 0x0000000082f00000|100%| O|  |TAMS 0x0000000082f00000, 0x0000000082e00000| Untracked 
|  47|0x0000000082f00000, 0x0000000083000000, 0x0000000083000000|100%| O|  |TAMS 0x0000000083000000, 0x0000000082f00000| Untracked 
|  48|0x0000000083000000, 0x0000000083100000, 0x0000000083100000|100%| O|  |TAMS 0x0000000083100000, 0x0000000083000000| Untracked 
|  49|0x0000000083100000, 0x0000000083200000, 0x0000000083200000|100%| O|  |TAMS 0x0000000083200000, 0x0000000083100000| Untracked 
|  50|0x0000000083200000, 0x0000000083300000, 0x0000000083300000|100%| O|  |TAMS 0x0000000083300000, 0x0000000083200000| Untracked 
|  51|0x0000000083300000, 0x0000000083400000, 0x0000000083400000|100%| O|  |TAMS 0x0000000083400000, 0x0000000083300000| Untracked 
|  52|0x0000000083400000, 0x0000000083500000, 0x0000000083500000|100%| O|  |TAMS 0x0000000083500000, 0x0000000083400000| Untracked 
|  53|0x0000000083500000, 0x0000000083600000, 0x0000000083600000|100%| O|  |TAMS 0x0000000083600000, 0x0000000083500000| Untracked 
|  54|0x0000000083600000, 0x0000000083700000, 0x0000000083700000|100%| O|  |TAMS 0x0000000083700000, 0x0000000083600000| Untracked 
|  55|0x0000000083700000, 0x0000000083800000, 0x0000000083800000|100%| O|  |TAMS 0x0000000083800000, 0x0000000083700000| Untracked 
|  56|0x0000000083800000, 0x00000000838cee00, 0x0000000083900000| 80%| O|  |TAMS 0x00000000838cee00, 0x0000000083800000| Untracked 
|  57|0x0000000083900000, 0x0000000083a00000, 0x0000000083a00000|100%| O|  |TAMS 0x0000000083900000, 0x0000000083900000| Untracked 
|  58|0x0000000083a00000, 0x0000000083b00000, 0x0000000083b00000|100%| O|  |TAMS 0x0000000083a00000, 0x0000000083a00000| Untracked 
|  59|0x0000000083b00000, 0x0000000083c00000, 0x0000000083c00000|100%|HS|  |TAMS 0x0000000083b00000, 0x0000000083b00000| Complete 
|  60|0x0000000083c00000, 0x0000000083d00000, 0x0000000083d00000|100%| O|  |TAMS 0x0000000083c00000, 0x0000000083c00000| Untracked 
|  61|0x0000000083d00000, 0x0000000083e00000, 0x0000000083e00000|100%| O|  |TAMS 0x0000000083d00000, 0x0000000083d00000| Untracked 
|  62|0x0000000083e00000, 0x0000000083f00000, 0x0000000083f00000|100%| O|  |TAMS 0x0000000083e00000, 0x0000000083e00000| Untracked 
|  63|0x0000000083f00000, 0x0000000084000000, 0x0000000084000000|100%| O|  |TAMS 0x0000000083f00000, 0x0000000083f00000| Untracked 
|  64|0x0000000084000000, 0x0000000084100000, 0x0000000084100000|100%| O|  |TAMS 0x0000000084000000, 0x0000000084000000| Untracked 
|  65|0x0000000084100000, 0x0000000084200000, 0x0000000084200000|100%| O|  |TAMS 0x0000000084100000, 0x0000000084100000| Untracked 
|  66|0x0000000084200000, 0x0000000084300000, 0x0000000084300000|100%| O|  |TAMS 0x0000000084200000, 0x0000000084200000| Untracked 
|  67|0x0000000084300000, 0x0000000084400000, 0x0000000084400000|100%| O|  |TAMS 0x0000000084300000, 0x0000000084300000| Untracked 
|  68|0x0000000084400000, 0x0000000084500000, 0x0000000084500000|100%| O|  |TAMS 0x0000000084400000, 0x0000000084400000| Untracked 
|  69|0x0000000084500000, 0x0000000084600000, 0x0000000084600000|100%| O|  |TAMS 0x0000000084500000, 0x0000000084500000| Untracked 
|  70|0x0000000084600000, 0x0000000084700000, 0x0000000084700000|100%| O|  |TAMS 0x0000000084600000, 0x0000000084600000| Untracked 
|  71|0x0000000084700000, 0x0000000084800000, 0x0000000084800000|100%| O|  |TAMS 0x0000000084700000, 0x0000000084700000| Untracked 
|  72|0x0000000084800000, 0x0000000084900000, 0x0000000084900000|100%| O|  |TAMS 0x0000000084800000, 0x0000000084800000| Untracked 
|  73|0x0000000084900000, 0x0000000084a00000, 0x0000000084a00000|100%| O|  |TAMS 0x0000000084900000, 0x0000000084900000| Untracked 
|  74|0x0000000084a00000, 0x0000000084b00000, 0x0000000084b00000|100%| O|  |TAMS 0x0000000084a00000, 0x0000000084a00000| Untracked 
|  75|0x0000000084b00000, 0x0000000084c00000, 0x0000000084c00000|100%| O|  |TAMS 0x0000000084b00000, 0x0000000084b00000| Untracked 
|  76|0x0000000084c00000, 0x0000000084d00000, 0x0000000084d00000|100%| O|  |TAMS 0x0000000084c00000, 0x0000000084c00000| Untracked 
|  77|0x0000000084d00000, 0x0000000084e00000, 0x0000000084e00000|100%| O|  |TAMS 0x0000000084d00000, 0x0000000084d00000| Untracked 
|  78|0x0000000084e00000, 0x0000000084f00000, 0x0000000084f00000|100%| O|  |TAMS 0x0000000084e00000, 0x0000000084e00000| Untracked 
|  79|0x0000000084f00000, 0x0000000085000000, 0x0000000085000000|100%| O|  |TAMS 0x0000000084f00000, 0x0000000084f00000| Untracked 
|  80|0x0000000085000000, 0x0000000085100000, 0x0000000085100000|100%| O|  |TAMS 0x0000000085000000, 0x0000000085000000| Untracked 
|  81|0x0000000085100000, 0x0000000085200000, 0x0000000085200000|100%| O|  |TAMS 0x0000000085100000, 0x0000000085100000| Untracked 
|  82|0x0000000085200000, 0x0000000085300000, 0x0000000085300000|100%| O|  |TAMS 0x0000000085200000, 0x0000000085200000| Untracked 
|  83|0x0000000085300000, 0x0000000085400000, 0x0000000085400000|100%| O|  |TAMS 0x0000000085300000, 0x0000000085300000| Untracked 
|  84|0x0000000085400000, 0x0000000085500000, 0x0000000085500000|100%| O|  |TAMS 0x0000000085400000, 0x0000000085400000| Untracked 
|  85|0x0000000085500000, 0x0000000085600000, 0x0000000085600000|100%| O|  |TAMS 0x0000000085500000, 0x0000000085500000| Untracked 
|  86|0x0000000085600000, 0x0000000085700000, 0x0000000085700000|100%| O|  |TAMS 0x0000000085600000, 0x0000000085600000| Untracked 
|  87|0x0000000085700000, 0x0000000085800000, 0x0000000085800000|100%| O|  |TAMS 0x0000000085700000, 0x0000000085700000| Untracked 
|  88|0x0000000085800000, 0x0000000085900000, 0x0000000085900000|100%| O|  |TAMS 0x0000000085800000, 0x0000000085800000| Untracked 
|  89|0x0000000085900000, 0x0000000085a00000, 0x0000000085a00000|100%|HS|  |TAMS 0x0000000085900000, 0x0000000085900000| Complete 
|  90|0x0000000085a00000, 0x0000000085b00000, 0x0000000085b00000|100%|HC|  |TAMS 0x0000000085a00000, 0x0000000085a00000| Complete 
|  91|0x0000000085b00000, 0x0000000085c00000, 0x0000000085c00000|100%| O|  |TAMS 0x0000000085b00000, 0x0000000085b00000| Untracked 
|  92|0x0000000085c00000, 0x0000000085d00000, 0x0000000085d00000|100%| O|  |TAMS 0x0000000085c00000, 0x0000000085c00000| Untracked 
|  93|0x0000000085d00000, 0x0000000085e00000, 0x0000000085e00000|100%| O|  |TAMS 0x0000000085d00000, 0x0000000085d00000| Untracked 
|  94|0x0000000085e00000, 0x0000000085f00000, 0x0000000085f00000|100%| O|  |TAMS 0x0000000085e00000, 0x0000000085e00000| Untracked 
|  95|0x0000000085f00000, 0x0000000086000000, 0x0000000086000000|100%| O|  |TAMS 0x0000000085f00000, 0x0000000085f00000| Untracked 
|  96|0x0000000086000000, 0x0000000086100000, 0x0000000086100000|100%| O|  |TAMS 0x0000000086000000, 0x0000000086000000| Untracked 
|  97|0x0000000086100000, 0x0000000086200000, 0x0000000086200000|100%| O|  |TAMS 0x0000000086100000, 0x0000000086100000| Untracked 
|  98|0x0000000086200000, 0x0000000086300000, 0x0000000086300000|100%| O|  |TAMS 0x0000000086200000, 0x0000000086200000| Untracked 
|  99|0x0000000086300000, 0x0000000086400000, 0x0000000086400000|100%| O|  |TAMS 0x0000000086300000, 0x0000000086300000| Untracked 
| 100|0x0000000086400000, 0x0000000086500000, 0x0000000086500000|100%| O|  |TAMS 0x0000000086400000, 0x0000000086400000| Untracked 
| 101|0x0000000086500000, 0x0000000086600000, 0x0000000086600000|100%| O|  |TAMS 0x0000000086500000, 0x0000000086500000| Untracked 
| 102|0x0000000086600000, 0x0000000086700000, 0x0000000086700000|100%| O|  |TAMS 0x0000000086600000, 0x0000000086600000| Untracked 
| 103|0x0000000086700000, 0x0000000086800000, 0x0000000086800000|100%| O|  |TAMS 0x0000000086700000, 0x0000000086700000| Untracked 
| 104|0x0000000086800000, 0x0000000086900000, 0x0000000086900000|100%| O|  |TAMS 0x0000000086800000, 0x0000000086800000| Untracked 
| 105|0x0000000086900000, 0x0000000086a00000, 0x0000000086a00000|100%|HS|  |TAMS 0x0000000086900000, 0x0000000086900000| Complete 
| 106|0x0000000086a00000, 0x0000000086b00000, 0x0000000086b00000|100%|HC|  |TAMS 0x0000000086a00000, 0x0000000086a00000| Complete 
| 107|0x0000000086b00000, 0x0000000086c00000, 0x0000000086c00000|100%| O|  |TAMS 0x0000000086b00000, 0x0000000086b00000| Untracked 
| 108|0x0000000086c00000, 0x0000000086d00000, 0x0000000086d00000|100%| O|  |TAMS 0x0000000086c00000, 0x0000000086c00000| Untracked 
| 109|0x0000000086d00000, 0x0000000086e00000, 0x0000000086e00000|100%| O|  |TAMS 0x0000000086d00000, 0x0000000086d00000| Untracked 
| 110|0x0000000086e00000, 0x0000000086f00000, 0x0000000086f00000|100%| O|  |TAMS 0x0000000086e00000, 0x0000000086e00000| Untracked 
| 111|0x0000000086f00000, 0x0000000087000000, 0x0000000087000000|100%| O|  |TAMS 0x0000000086f00000, 0x0000000086f00000| Untracked 
| 112|0x0000000087000000, 0x0000000087100000, 0x0000000087100000|100%| O|  |TAMS 0x0000000087000000, 0x0000000087000000| Untracked 
| 113|0x0000000087100000, 0x0000000087200000, 0x0000000087200000|100%| O|  |TAMS 0x0000000087100000, 0x0000000087100000| Untracked 
| 114|0x0000000087200000, 0x0000000087300000, 0x0000000087300000|100%| O|  |TAMS 0x0000000087200000, 0x0000000087200000| Untracked 
| 115|0x0000000087300000, 0x0000000087400000, 0x0000000087400000|100%| O|  |TAMS 0x0000000087300000, 0x0000000087300000| Untracked 
| 116|0x0000000087400000, 0x0000000087500000, 0x0000000087500000|100%| O|  |TAMS 0x0000000087400000, 0x0000000087400000| Untracked 
| 117|0x0000000087500000, 0x0000000087600000, 0x0000000087600000|100%| O|  |TAMS 0x0000000087500000, 0x0000000087500000| Untracked 
| 118|0x0000000087600000, 0x0000000087700000, 0x0000000087700000|100%| O|  |TAMS 0x0000000087600000, 0x0000000087600000| Untracked 
| 119|0x0000000087700000, 0x0000000087800000, 0x0000000087800000|100%| O|  |TAMS 0x0000000087700000, 0x0000000087700000| Untracked 
| 120|0x0000000087800000, 0x0000000087900000, 0x0000000087900000|100%| O|  |TAMS 0x0000000087800000, 0x0000000087800000| Untracked 
| 121|0x0000000087900000, 0x0000000087a00000, 0x0000000087a00000|100%| O|  |TAMS 0x0000000087900000, 0x0000000087900000| Untracked 
| 122|0x0000000087a00000, 0x0000000087b00000, 0x0000000087b00000|100%| O|  |TAMS 0x0000000087a00000, 0x0000000087a00000| Untracked 
| 123|0x0000000087b00000, 0x0000000087c00000, 0x0000000087c00000|100%| O|  |TAMS 0x0000000087b00000, 0x0000000087b00000| Untracked 
| 124|0x0000000087c00000, 0x0000000087d00000, 0x0000000087d00000|100%| O|  |TAMS 0x0000000087c00000, 0x0000000087c00000| Untracked 
| 125|0x0000000087d00000, 0x0000000087e00000, 0x0000000087e00000|100%| O|  |TAMS 0x0000000087d00000, 0x0000000087d00000| Untracked 
| 126|0x0000000087e00000, 0x0000000087f00000, 0x0000000087f00000|100%| O|  |TAMS 0x0000000087e00000, 0x0000000087e00000| Untracked 
| 127|0x0000000087f00000, 0x0000000088000000, 0x0000000088000000|100%|HS|  |TAMS 0x0000000087f00000, 0x0000000087f00000| Complete 
| 128|0x0000000088000000, 0x0000000088100000, 0x0000000088100000|100%| O|  |TAMS 0x0000000088000000, 0x0000000088000000| Untracked 
| 129|0x0000000088100000, 0x0000000088200000, 0x0000000088200000|100%| O|  |TAMS 0x0000000088100000, 0x0000000088100000| Untracked 
| 130|0x0000000088200000, 0x0000000088300000, 0x0000000088300000|100%| O|  |TAMS 0x0000000088200000, 0x0000000088200000| Untracked 
| 131|0x0000000088300000, 0x0000000088400000, 0x0000000088400000|100%| O|  |TAMS 0x0000000088300000, 0x0000000088300000| Untracked 
| 132|0x0000000088400000, 0x0000000088500000, 0x0000000088500000|100%| O|  |TAMS 0x0000000088400000, 0x0000000088400000| Untracked 
| 133|0x0000000088500000, 0x0000000088600000, 0x0000000088600000|100%| O|  |TAMS 0x0000000088500000, 0x0000000088500000| Untracked 
| 134|0x0000000088600000, 0x0000000088700000, 0x0000000088700000|100%| O|  |TAMS 0x0000000088600000, 0x0000000088600000| Untracked 
| 135|0x0000000088700000, 0x0000000088800000, 0x0000000088800000|100%| O|  |TAMS 0x0000000088700000, 0x0000000088700000| Untracked 
| 136|0x0000000088800000, 0x0000000088900000, 0x0000000088900000|100%| O|  |TAMS 0x0000000088800000, 0x0000000088800000| Untracked 
| 137|0x0000000088900000, 0x0000000088a00000, 0x0000000088a00000|100%| O|  |TAMS 0x0000000088900000, 0x0000000088900000| Untracked 
| 138|0x0000000088a00000, 0x0000000088a60e00, 0x0000000088b00000| 37%| O|  |TAMS 0x0000000088a00000, 0x0000000088a00000| Untracked 
| 139|0x0000000088b00000, 0x0000000088c00000, 0x0000000088c00000|100%|HS|  |TAMS 0x0000000088b00000, 0x0000000088b00000| Complete 
| 140|0x0000000088c00000, 0x0000000088d00000, 0x0000000088d00000|100%|HC|  |TAMS 0x0000000088c00000, 0x0000000088c00000| Complete 
| 141|0x0000000088d00000, 0x0000000088e00000, 0x0000000088e00000|100%|HS|  |TAMS 0x0000000088d00000, 0x0000000088d00000| Complete 
| 142|0x0000000088e00000, 0x0000000088f00000, 0x0000000088f00000|100%|HC|  |TAMS 0x0000000088e00000, 0x0000000088e00000| Complete 
| 143|0x0000000088f00000, 0x0000000088f00000, 0x0000000089000000|  0%| F|  |TAMS 0x0000000088f00000, 0x0000000088f00000| Untracked 
| 144|0x0000000089000000, 0x0000000089000000, 0x0000000089100000|  0%| F|  |TAMS 0x0000000089000000, 0x0000000089000000| Untracked 
| 145|0x0000000089100000, 0x0000000089100000, 0x0000000089200000|  0%| F|  |TAMS 0x0000000089100000, 0x0000000089100000| Untracked 
| 146|0x0000000089200000, 0x0000000089200000, 0x0000000089300000|  0%| F|  |TAMS 0x0000000089200000, 0x0000000089200000| Untracked 
| 147|0x0000000089300000, 0x0000000089300000, 0x0000000089400000|  0%| F|  |TAMS 0x0000000089300000, 0x0000000089300000| Untracked 
| 148|0x0000000089400000, 0x0000000089400000, 0x0000000089500000|  0%| F|  |TAMS 0x0000000089400000, 0x0000000089400000| Untracked 
| 149|0x0000000089500000, 0x0000000089500000, 0x0000000089600000|  0%| F|  |TAMS 0x0000000089500000, 0x0000000089500000| Untracked 
| 150|0x0000000089600000, 0x0000000089600000, 0x0000000089700000|  0%| F|  |TAMS 0x0000000089600000, 0x0000000089600000| Untracked 
| 151|0x0000000089700000, 0x0000000089700000, 0x0000000089800000|  0%| F|  |TAMS 0x0000000089700000, 0x0000000089700000| Untracked 
| 152|0x0000000089800000, 0x0000000089800000, 0x0000000089900000|  0%| F|  |TAMS 0x0000000089800000, 0x0000000089800000| Untracked 
| 153|0x0000000089900000, 0x0000000089900000, 0x0000000089a00000|  0%| F|  |TAMS 0x0000000089900000, 0x0000000089900000| Untracked 
| 154|0x0000000089a00000, 0x0000000089a00000, 0x0000000089b00000|  0%| F|  |TAMS 0x0000000089a00000, 0x0000000089a00000| Untracked 
| 155|0x0000000089b00000, 0x0000000089b00000, 0x0000000089c00000|  0%| F|  |TAMS 0x0000000089b00000, 0x0000000089b00000| Untracked 
| 156|0x0000000089c00000, 0x0000000089c00000, 0x0000000089d00000|  0%| F|  |TAMS 0x0000000089c00000, 0x0000000089c00000| Untracked 
| 157|0x0000000089d00000, 0x0000000089d00000, 0x0000000089e00000|  0%| F|  |TAMS 0x0000000089d00000, 0x0000000089d00000| Untracked 
| 158|0x0000000089e00000, 0x0000000089e00000, 0x0000000089f00000|  0%| F|  |TAMS 0x0000000089e00000, 0x0000000089e00000| Untracked 
| 159|0x0000000089f00000, 0x0000000089f00000, 0x000000008a000000|  0%| F|  |TAMS 0x0000000089f00000, 0x0000000089f00000| Untracked 
| 160|0x000000008a000000, 0x000000008a000000, 0x000000008a100000|  0%| F|  |TAMS 0x000000008a000000, 0x000000008a000000| Untracked 
| 161|0x000000008a100000, 0x000000008a100000, 0x000000008a200000|  0%| F|  |TAMS 0x000000008a100000, 0x000000008a100000| Untracked 
| 162|0x000000008a200000, 0x000000008a200000, 0x000000008a300000|  0%| F|  |TAMS 0x000000008a200000, 0x000000008a200000| Untracked 
| 163|0x000000008a300000, 0x000000008a300000, 0x000000008a400000|  0%| F|  |TAMS 0x000000008a300000, 0x000000008a300000| Untracked 
| 164|0x000000008a400000, 0x000000008a400000, 0x000000008a500000|  0%| F|  |TAMS 0x000000008a400000, 0x000000008a400000| Untracked 
| 165|0x000000008a500000, 0x000000008a500000, 0x000000008a600000|  0%| F|  |TAMS 0x000000008a500000, 0x000000008a500000| Untracked 
| 166|0x000000008a600000, 0x000000008a600000, 0x000000008a700000|  0%| F|  |TAMS 0x000000008a600000, 0x000000008a600000| Untracked 
| 167|0x000000008a700000, 0x000000008a700000, 0x000000008a800000|  0%| F|  |TAMS 0x000000008a700000, 0x000000008a700000| Untracked 
| 168|0x000000008a800000, 0x000000008a800000, 0x000000008a900000|  0%| F|  |TAMS 0x000000008a800000, 0x000000008a800000| Untracked 
| 169|0x000000008a900000, 0x000000008a900000, 0x000000008aa00000|  0%| F|  |TAMS 0x000000008a900000, 0x000000008a900000| Untracked 
| 170|0x000000008aa00000, 0x000000008aa9bd60, 0x000000008ab00000| 60%| S|CS|TAMS 0x000000008aa00000, 0x000000008aa00000| Complete 
| 171|0x000000008ab00000, 0x000000008ab00000, 0x000000008ac00000|  0%| F|  |TAMS 0x000000008ab00000, 0x000000008ab00000| Untracked 
| 172|0x000000008ac00000, 0x000000008ac00000, 0x000000008ad00000|  0%| F|  |TAMS 0x000000008ac00000, 0x000000008ac00000| Untracked 
| 173|0x000000008ad00000, 0x000000008ad00000, 0x000000008ae00000|  0%| F|  |TAMS 0x000000008ad00000, 0x000000008ad00000| Untracked 
| 174|0x000000008ae00000, 0x000000008ae00000, 0x000000008af00000|  0%| F|  |TAMS 0x000000008ae00000, 0x000000008ae00000| Untracked 
| 175|0x000000008af00000, 0x000000008b000000, 0x000000008b000000|100%| S|CS|TAMS 0x000000008af00000, 0x000000008af00000| Complete 
| 176|0x000000008b000000, 0x000000008b100000, 0x000000008b100000|100%| S|CS|TAMS 0x000000008b000000, 0x000000008b000000| Complete 
| 177|0x000000008b100000, 0x000000008b200000, 0x000000008b200000|100%| S|CS|TAMS 0x000000008b100000, 0x000000008b100000| Complete 
| 178|0x000000008b200000, 0x000000008b200000, 0x000000008b300000|  0%| F|  |TAMS 0x000000008b200000, 0x000000008b200000| Untracked 
| 179|0x000000008b300000, 0x000000008b300000, 0x000000008b400000|  0%| F|  |TAMS 0x000000008b300000, 0x000000008b300000| Untracked 
| 180|0x000000008b400000, 0x000000008b400000, 0x000000008b500000|  0%| F|  |TAMS 0x000000008b400000, 0x000000008b400000| Untracked 
| 181|0x000000008b500000, 0x000000008b500000, 0x000000008b600000|  0%| F|  |TAMS 0x000000008b500000, 0x000000008b500000| Untracked 
| 182|0x000000008b600000, 0x000000008b600000, 0x000000008b700000|  0%| F|  |TAMS 0x000000008b600000, 0x000000008b600000| Untracked 
| 183|0x000000008b700000, 0x000000008b700000, 0x000000008b800000|  0%| F|  |TAMS 0x000000008b700000, 0x000000008b700000| Untracked 
| 184|0x000000008b800000, 0x000000008b800000, 0x000000008b900000|  0%| F|  |TAMS 0x000000008b800000, 0x000000008b800000| Untracked 
| 185|0x000000008b900000, 0x000000008b900000, 0x000000008ba00000|  0%| F|  |TAMS 0x000000008b900000, 0x000000008b900000| Untracked 
| 186|0x000000008ba00000, 0x000000008ba00000, 0x000000008bb00000|  0%| F|  |TAMS 0x000000008ba00000, 0x000000008ba00000| Untracked 
| 187|0x000000008bb00000, 0x000000008bb00000, 0x000000008bc00000|  0%| F|  |TAMS 0x000000008bb00000, 0x000000008bb00000| Untracked 
| 188|0x000000008bc00000, 0x000000008bc00000, 0x000000008bd00000|  0%| F|  |TAMS 0x000000008bc00000, 0x000000008bc00000| Untracked 
| 189|0x000000008bd00000, 0x000000008bd00000, 0x000000008be00000|  0%| F|  |TAMS 0x000000008bd00000, 0x000000008bd00000| Untracked 
| 190|0x000000008be00000, 0x000000008be00000, 0x000000008bf00000|  0%| F|  |TAMS 0x000000008be00000, 0x000000008be00000| Untracked 
| 191|0x000000008bf00000, 0x000000008bf00000, 0x000000008c000000|  0%| F|  |TAMS 0x000000008bf00000, 0x000000008bf00000| Untracked 
| 192|0x000000008c000000, 0x000000008c000000, 0x000000008c100000|  0%| F|  |TAMS 0x000000008c000000, 0x000000008c000000| Untracked 
| 193|0x000000008c100000, 0x000000008c100000, 0x000000008c200000|  0%| F|  |TAMS 0x000000008c100000, 0x000000008c100000| Untracked 
| 194|0x000000008c200000, 0x000000008c200000, 0x000000008c300000|  0%| F|  |TAMS 0x000000008c200000, 0x000000008c200000| Untracked 
| 195|0x000000008c300000, 0x000000008c300000, 0x000000008c400000|  0%| F|  |TAMS 0x000000008c300000, 0x000000008c300000| Untracked 
| 196|0x000000008c400000, 0x000000008c400000, 0x000000008c500000|  0%| F|  |TAMS 0x000000008c400000, 0x000000008c400000| Untracked 
| 197|0x000000008c500000, 0x000000008c500000, 0x000000008c600000|  0%| F|  |TAMS 0x000000008c500000, 0x000000008c500000| Untracked 
| 198|0x000000008c600000, 0x000000008c6da650, 0x000000008c700000| 85%| E|  |TAMS 0x000000008c600000, 0x000000008c600000| Complete 
| 199|0x000000008c700000, 0x000000008c800000, 0x000000008c800000|100%| E|CS|TAMS 0x000000008c700000, 0x000000008c700000| Complete 
| 200|0x000000008c800000, 0x000000008c900000, 0x000000008c900000|100%| E|CS|TAMS 0x000000008c800000, 0x000000008c800000| Complete 
| 201|0x000000008c900000, 0x000000008ca00000, 0x000000008ca00000|100%| E|CS|TAMS 0x000000008c900000, 0x000000008c900000| Complete 
| 202|0x000000008ca00000, 0x000000008cb00000, 0x000000008cb00000|100%| E|CS|TAMS 0x000000008ca00000, 0x000000008ca00000| Complete 
| 203|0x000000008cb00000, 0x000000008cc00000, 0x000000008cc00000|100%| E|CS|TAMS 0x000000008cb00000, 0x000000008cb00000| Complete 
| 204|0x000000008cc00000, 0x000000008cd00000, 0x000000008cd00000|100%| E|CS|TAMS 0x000000008cc00000, 0x000000008cc00000| Complete 
| 205|0x000000008cd00000, 0x000000008ce00000, 0x000000008ce00000|100%| E|CS|TAMS 0x000000008cd00000, 0x000000008cd00000| Complete 
| 206|0x000000008ce00000, 0x000000008cf00000, 0x000000008cf00000|100%| E|CS|TAMS 0x000000008ce00000, 0x000000008ce00000| Complete 
| 207|0x000000008cf00000, 0x000000008d000000, 0x000000008d000000|100%| E|CS|TAMS 0x000000008cf00000, 0x000000008cf00000| Complete 
| 208|0x000000008d000000, 0x000000008d100000, 0x000000008d100000|100%| E|CS|TAMS 0x000000008d000000, 0x000000008d000000| Complete 
| 209|0x000000008d100000, 0x000000008d200000, 0x000000008d200000|100%| E|CS|TAMS 0x000000008d100000, 0x000000008d100000| Complete 
| 210|0x000000008d200000, 0x000000008d300000, 0x000000008d300000|100%| E|CS|TAMS 0x000000008d200000, 0x000000008d200000| Complete 
| 211|0x000000008d300000, 0x000000008d400000, 0x000000008d400000|100%| E|CS|TAMS 0x000000008d300000, 0x000000008d300000| Complete 
| 212|0x000000008d400000, 0x000000008d500000, 0x000000008d500000|100%| E|CS|TAMS 0x000000008d400000, 0x000000008d400000| Complete 
| 213|0x000000008d500000, 0x000000008d600000, 0x000000008d600000|100%| E|CS|TAMS 0x000000008d500000, 0x000000008d500000| Complete 
| 214|0x000000008d600000, 0x000000008d700000, 0x000000008d700000|100%| E|CS|TAMS 0x000000008d600000, 0x000000008d600000| Complete 
| 215|0x000000008d700000, 0x000000008d800000, 0x000000008d800000|100%| E|CS|TAMS 0x000000008d700000, 0x000000008d700000| Complete 
| 216|0x000000008d800000, 0x000000008d900000, 0x000000008d900000|100%| E|CS|TAMS 0x000000008d800000, 0x000000008d800000| Complete 
| 217|0x000000008d900000, 0x000000008da00000, 0x000000008da00000|100%| E|CS|TAMS 0x000000008d900000, 0x000000008d900000| Complete 
| 218|0x000000008da00000, 0x000000008db00000, 0x000000008db00000|100%| E|CS|TAMS 0x000000008da00000, 0x000000008da00000| Complete 
| 219|0x000000008db00000, 0x000000008dc00000, 0x000000008dc00000|100%| E|CS|TAMS 0x000000008db00000, 0x000000008db00000| Complete 
| 220|0x000000008dc00000, 0x000000008dd00000, 0x000000008dd00000|100%| E|CS|TAMS 0x000000008dc00000, 0x000000008dc00000| Complete 
| 221|0x000000008dd00000, 0x000000008de00000, 0x000000008de00000|100%| E|CS|TAMS 0x000000008dd00000, 0x000000008dd00000| Complete 
| 222|0x000000008de00000, 0x000000008df00000, 0x000000008df00000|100%| E|CS|TAMS 0x000000008de00000, 0x000000008de00000| Complete 
| 223|0x000000008df00000, 0x000000008e000000, 0x000000008e000000|100%| E|CS|TAMS 0x000000008df00000, 0x000000008df00000| Complete 
| 224|0x000000008e000000, 0x000000008e100000, 0x000000008e100000|100%| E|CS|TAMS 0x000000008e000000, 0x000000008e000000| Complete 
| 225|0x000000008e100000, 0x000000008e200000, 0x000000008e200000|100%| E|CS|TAMS 0x000000008e100000, 0x000000008e100000| Complete 
| 226|0x000000008e200000, 0x000000008e300000, 0x000000008e300000|100%| E|CS|TAMS 0x000000008e200000, 0x000000008e200000| Complete 
| 227|0x000000008e300000, 0x000000008e400000, 0x000000008e400000|100%| E|CS|TAMS 0x000000008e300000, 0x000000008e300000| Complete 
| 228|0x000000008e400000, 0x000000008e500000, 0x000000008e500000|100%| E|  |TAMS 0x000000008e400000, 0x000000008e400000| Complete 
| 229|0x000000008e500000, 0x000000008e600000, 0x000000008e600000|100%| E|CS|TAMS 0x000000008e500000, 0x000000008e500000| Complete 
| 230|0x000000008e600000, 0x000000008e700000, 0x000000008e700000|100%| E|CS|TAMS 0x000000008e600000, 0x000000008e600000| Complete 
| 231|0x000000008e700000, 0x000000008e800000, 0x000000008e800000|100%| E|CS|TAMS 0x000000008e700000, 0x000000008e700000| Complete 
| 232|0x000000008e800000, 0x000000008e900000, 0x000000008e900000|100%| E|CS|TAMS 0x000000008e800000, 0x000000008e800000| Complete 
| 233|0x000000008e900000, 0x000000008ea00000, 0x000000008ea00000|100%| E|CS|TAMS 0x000000008e900000, 0x000000008e900000| Complete 
| 234|0x000000008ea00000, 0x000000008eb00000, 0x000000008eb00000|100%| E|CS|TAMS 0x000000008ea00000, 0x000000008ea00000| Complete 
| 235|0x000000008eb00000, 0x000000008ec00000, 0x000000008ec00000|100%| E|CS|TAMS 0x000000008eb00000, 0x000000008eb00000| Complete 
| 236|0x000000008ec00000, 0x000000008ed00000, 0x000000008ed00000|100%| E|CS|TAMS 0x000000008ec00000, 0x000000008ec00000| Complete 
| 237|0x000000008ed00000, 0x000000008ee00000, 0x000000008ee00000|100%| E|CS|TAMS 0x000000008ed00000, 0x000000008ed00000| Complete 
| 238|0x000000008ee00000, 0x000000008ef00000, 0x000000008ef00000|100%| E|CS|TAMS 0x000000008ee00000, 0x000000008ee00000| Complete 
| 239|0x000000008ef00000, 0x000000008f000000, 0x000000008f000000|100%| E|CS|TAMS 0x000000008ef00000, 0x000000008ef00000| Complete 
| 240|0x000000008f000000, 0x000000008f100000, 0x000000008f100000|100%| E|CS|TAMS 0x000000008f000000, 0x000000008f000000| Complete 
| 241|0x000000008f100000, 0x000000008f200000, 0x000000008f200000|100%| E|CS|TAMS 0x000000008f100000, 0x000000008f100000| Complete 
| 242|0x000000008f200000, 0x000000008f300000, 0x000000008f300000|100%| E|CS|TAMS 0x000000008f200000, 0x000000008f200000| Complete 
| 243|0x000000008f300000, 0x000000008f400000, 0x000000008f400000|100%| E|CS|TAMS 0x000000008f300000, 0x000000008f300000| Complete 
| 244|0x000000008f400000, 0x000000008f500000, 0x000000008f500000|100%| E|CS|TAMS 0x000000008f400000, 0x000000008f400000| Complete 
| 245|0x000000008f500000, 0x000000008f600000, 0x000000008f600000|100%| E|CS|TAMS 0x000000008f500000, 0x000000008f500000| Complete 
| 246|0x000000008f600000, 0x000000008f700000, 0x000000008f700000|100%| E|CS|TAMS 0x000000008f600000, 0x000000008f600000| Complete 
| 247|0x000000008f700000, 0x000000008f800000, 0x000000008f800000|100%| E|CS|TAMS 0x000000008f700000, 0x000000008f700000| Complete 
| 248|0x000000008f800000, 0x000000008f900000, 0x000000008f900000|100%| E|CS|TAMS 0x000000008f800000, 0x000000008f800000| Complete 
| 301|0x0000000092d00000, 0x0000000092e00000, 0x0000000092e00000|100%| E|CS|TAMS 0x0000000092d00000, 0x0000000092d00000| Complete 
| 302|0x0000000092e00000, 0x0000000092f00000, 0x0000000092f00000|100%| E|CS|TAMS 0x0000000092e00000, 0x0000000092e00000| Complete 
| 303|0x0000000092f00000, 0x0000000093000000, 0x0000000093000000|100%| E|CS|TAMS 0x0000000092f00000, 0x0000000092f00000| Complete 
| 304|0x0000000093000000, 0x0000000093100000, 0x0000000093100000|100%| E|CS|TAMS 0x0000000093000000, 0x0000000093000000| Complete 
| 305|0x0000000093100000, 0x0000000093200000, 0x0000000093200000|100%| E|CS|TAMS 0x0000000093100000, 0x0000000093100000| Complete 
| 306|0x0000000093200000, 0x0000000093300000, 0x0000000093300000|100%| E|CS|TAMS 0x0000000093200000, 0x0000000093200000| Complete 
| 307|0x0000000093300000, 0x0000000093400000, 0x0000000093400000|100%| E|CS|TAMS 0x0000000093300000, 0x0000000093300000| Complete 

Card table byte_map: [0x0000018e787d0000,0x0000018e78bd0000] _byte_map_base: 0x0000018e783d0000

Marking Bits (Prev, Next): (CMBitMap*) 0x0000018e742ac9e0, (CMBitMap*) 0x0000018e742aca20
 Prev Bits: [0x0000018e78fd0000, 0x0000018e7afd0000)
 Next Bits: [0x0000018e7afd0000, 0x0000018e7cfd0000)

Polling page: 0x0000018e745e0000

Metaspace:

Usage:
  Non-class:    115.54 MB used.
      Class:     14.22 MB used.
       Both:    129.76 MB used.

Virtual space:
  Non-class space:      120.00 MB reserved,     116.94 MB ( 97%) committed,  15 nodes.
      Class space:        1.00 GB reserved,      15.19 MB (  1%) committed,  1 nodes.
             Both:        1.12 GB reserved,     132.12 MB ( 12%) committed. 

Chunk freelists:
   Non-Class:  2.51 MB
       Class:  671.00 KB
        Both:  3.17 MB

MaxMetaspaceSize: unlimited
CompressedClassSpaceSize: 1.00 GB
Initial GC threshold: 21.00 MB
Current GC threshold: 132.62 MB
CDS: off
MetaspaceReclaimPolicy: balanced
 - commit_granule_bytes: 65536.
 - commit_granule_words: 8192.
 - virtual_space_node_default_size: 1048576.
 - enlarge_chunks_in_place: 1.
 - new_chunks_are_fully_committed: 0.
 - uncommit_free_chunks: 1.
 - use_allocation_guard: 0.
 - handle_deallocations: 1.


Internal statistics:

num_allocs_failed_limit: 18.
num_arena_births: 1044.
num_arena_deaths: 0.
num_vsnodes_births: 16.
num_vsnodes_deaths: 0.
num_space_committed: 2113.
num_space_uncommitted: 0.
num_chunks_returned_to_freelist: 18.
num_chunks_taken_from_freelist: 7120.
num_chunk_merges: 18.
num_chunk_splits: 4479.
num_chunks_enlarged: 2510.
num_purges: 0.
num_inconsistent_stats: 0.

CodeHeap 'non-profiled nmethods': size=120000Kb used=25774Kb max_used=26475Kb free=94225Kb
 bounds [0x0000018e07ad0000, 0x0000018e094c0000, 0x0000018e0f000000]
CodeHeap 'profiled nmethods': size=120000Kb used=43371Kb max_used=45165Kb free=76628Kb
 bounds [0x0000018e005a0000, 0x0000018e031d0000, 0x0000018e07ad0000]
CodeHeap 'non-nmethods': size=5760Kb used=1671Kb max_used=1738Kb free=4088Kb
 bounds [0x0000018e00000000, 0x0000018e00270000, 0x0000018e005a0000]
 total_blobs=22018 nmethods=20931 adapters=989
 compilation: enabled
              stopped_count=0, restarted_count=0
 full_count=0

Compilation events (20 events):
Event: 10956.112 Thread 0x0000018e7f4b0370 29211       4       org.eclipse.e4.ui.css.core.dom.ArrayNodeList::getLength (6 bytes)
Event: 10956.112 Thread 0x0000018e7f4b0370 nmethod 29211 0x0000018e087f7310 code [0x0000018e087f7480, 0x0000018e087f7518]
Event: 10956.184 Thread 0x0000018e7f4b0370 29213       4       org.eclipse.swt.graphics.TextLayout::drawInPixels (1817 bytes)
Event: 10956.244 Thread 0x0000018e7f4b0370 nmethod 29213 0x0000018e090a9490 code [0x0000018e090a9800, 0x0000018e090ac308]
Event: 10956.300 Thread 0x0000018e7f4b0370 29214       4       org.eclipse.swt.graphics.TextLayout::drawUnderline (1377 bytes)
Event: 10956.341 Thread 0x0000018e7f4b0370 nmethod 29214 0x0000018e09172f10 code [0x0000018e091732c0, 0x0000018e091753f8]
Event: 10957.008 Thread 0x0000018e7f550c40 29215       3       org.eclipse.jface.text.Document::<init> (58 bytes)
Event: 10957.009 Thread 0x0000018e7f550c40 nmethod 29215 0x0000018e00c24c90 code [0x0000018e00c24f80, 0x0000018e00c26178]
Event: 10957.525 Thread 0x0000018e7f550c40 29216       1       org.eclipse.jdt.core.dom.TryStatement::getFinally (5 bytes)
Event: 10957.525 Thread 0x0000018e7f550c40 nmethod 29216 0x0000018e08579010 code [0x0000018e085791a0, 0x0000018e08579278]
Event: 10959.245 Thread 0x0000018e7f550c40 29217       3       java.util.concurrent.FutureTask::report (37 bytes)
Event: 10959.245 Thread 0x0000018e7f550c40 nmethod 29217 0x0000018e0127ad10 code [0x0000018e0127aee0, 0x0000018e0127b2f8]
Event: 10959.277 Thread 0x0000018e7f4b0370 29218       4       org.eclipse.swt.widgets.Canvas::WM_WINDOWPOSCHANGING (66 bytes)
Event: 10959.283 Thread 0x0000018e7f4b0370 nmethod 29218 0x0000018e08687310 code [0x0000018e08687500, 0x0000018e086878e0]
Event: 10984.203 Thread 0x0000018e7f550c40 29219       3       java.util.concurrent.FutureTask::<init> (27 bytes)
Event: 10984.203 Thread 0x0000018e7f550c40 nmethod 29219 0x0000018e01057810 code [0x0000018e010579c0, 0x0000018e01057c88]
Event: 10989.432 Thread 0x0000018e7f550c40 29220       3       org.eclipse.ui.internal.services.WorkbenchSourceProvider::getContext (84 bytes)
Event: 10989.433 Thread 0x0000018e7f550c40 nmethod 29220 0x0000018e00a98b10 code [0x0000018e00a98d80, 0x0000018e00a99b08]
Event: 11058.684 Thread 0x0000018e7f4b0370 29221       4       org.eclipse.e4.ui.css.swt.properties.AbstractCSSPropertySWTHandler::applyCSSProperty (27 bytes)
Event: 11058.686 Thread 0x0000018e7f4b0370 nmethod 29221 0x0000018e08fc6490 code [0x0000018e08fc6620, 0x0000018e08fc67b8]

GC Heap History (20 events):
Event: 9107.801 GC heap before
{Heap before GC invocations=72 (full 0):
 garbage-first heap   total 262144K, used 223825K [0x0000000080000000, 0x0000000100000000)
  region size 1024K, 82 young (83968K), 4 survivors (4096K)
 Metaspace       used 132404K, committed 134912K, reserved 1171456K
  class space    used 14553K, committed 15552K, reserved 1048576K
}
Event: 9107.804 GC heap after
{Heap after GC invocations=73 (full 0):
 garbage-first heap   total 262144K, used 144609K [0x0000000080000000, 0x0000000100000000)
  region size 1024K, 4 young (4096K), 4 survivors (4096K)
 Metaspace       used 132404K, committed 134912K, reserved 1171456K
  class space    used 14553K, committed 15552K, reserved 1048576K
}
Event: 9178.546 GC heap before
{Heap before GC invocations=73 (full 0):
 garbage-first heap   total 262144K, used 223457K [0x0000000080000000, 0x0000000100000000)
  region size 1024K, 82 young (83968K), 4 survivors (4096K)
 Metaspace       used 132442K, committed 134912K, reserved 1171456K
  class space    used 14554K, committed 15552K, reserved 1048576K
}
Event: 9178.550 GC heap after
{Heap after GC invocations=74 (full 0):
 garbage-first heap   total 262144K, used 146643K [0x0000000080000000, 0x0000000100000000)
  region size 1024K, 6 young (6144K), 6 survivors (6144K)
 Metaspace       used 132442K, committed 134912K, reserved 1171456K
  class space    used 14554K, committed 15552K, reserved 1048576K
}
Event: 9248.054 GC heap before
{Heap before GC invocations=74 (full 0):
 garbage-first heap   total 262144K, used 222419K [0x0000000080000000, 0x0000000100000000)
  region size 1024K, 81 young (82944K), 6 survivors (6144K)
 Metaspace       used 132462K, committed 134912K, reserved 1171456K
  class space    used 14554K, committed 15552K, reserved 1048576K
}
Event: 9248.056 GC heap after
{Heap after GC invocations=75 (full 0):
 garbage-first heap   total 262144K, used 143246K [0x0000000080000000, 0x0000000100000000)
  region size 1024K, 2 young (2048K), 2 survivors (2048K)
 Metaspace       used 132462K, committed 134912K, reserved 1171456K
  class space    used 14554K, committed 15552K, reserved 1048576K
}
Event: 9313.057 GC heap before
{Heap before GC invocations=75 (full 0):
 garbage-first heap   total 262144K, used 224142K [0x0000000080000000, 0x0000000100000000)
  region size 1024K, 82 young (83968K), 2 survivors (2048K)
 Metaspace       used 132571K, committed 135040K, reserved 1171456K
  class space    used 14557K, committed 15552K, reserved 1048576K
}
Event: 9313.063 GC heap after
{Heap after GC invocations=76 (full 0):
 garbage-first heap   total 262144K, used 145810K [0x0000000080000000, 0x0000000100000000)
  region size 1024K, 5 young (5120K), 5 survivors (5120K)
 Metaspace       used 132571K, committed 135040K, reserved 1171456K
  class space    used 14557K, committed 15552K, reserved 1048576K
}
Event: 9772.052 GC heap before
{Heap before GC invocations=76 (full 0):
 garbage-first heap   total 262144K, used 223634K [0x0000000080000000, 0x0000000100000000)
  region size 1024K, 81 young (82944K), 5 survivors (5120K)
 Metaspace       used 132653K, committed 135104K, reserved 1171456K
  class space    used 14557K, committed 15552K, reserved 1048576K
}
Event: 9772.060 GC heap after
{Heap after GC invocations=77 (full 0):
 garbage-first heap   total 262144K, used 145653K [0x0000000080000000, 0x0000000100000000)
  region size 1024K, 5 young (5120K), 5 survivors (5120K)
 Metaspace       used 132653K, committed 135104K, reserved 1171456K
  class space    used 14557K, committed 15552K, reserved 1048576K
}
Event: 9840.520 GC heap before
{Heap before GC invocations=77 (full 0):
 garbage-first heap   total 262144K, used 223477K [0x0000000080000000, 0x0000000100000000)
  region size 1024K, 81 young (82944K), 5 survivors (5120K)
 Metaspace       used 132670K, committed 135168K, reserved 1171456K
  class space    used 14557K, committed 15552K, reserved 1048576K
}
Event: 9840.527 GC heap after
{Heap after GC invocations=78 (full 0):
 garbage-first heap   total 262144K, used 144486K [0x0000000080000000, 0x0000000100000000)
  region size 1024K, 3 young (3072K), 3 survivors (3072K)
 Metaspace       used 132670K, committed 135168K, reserved 1171456K
  class space    used 14557K, committed 15552K, reserved 1048576K
}
Event: 10473.626 GC heap before
{Heap before GC invocations=78 (full 0):
 garbage-first heap   total 262144K, used 227430K [0x0000000080000000, 0x0000000100000000)
  region size 1024K, 81 young (82944K), 3 survivors (3072K)
 Metaspace       used 132690K, committed 135168K, reserved 1171456K
  class space    used 14557K, committed 15552K, reserved 1048576K
}
Event: 10473.640 GC heap after
{Heap after GC invocations=79 (full 0):
 garbage-first heap   total 262144K, used 146857K [0x0000000080000000, 0x0000000100000000)
  region size 1024K, 6 young (6144K), 6 survivors (6144K)
 Metaspace       used 132690K, committed 135168K, reserved 1171456K
  class space    used 14557K, committed 15552K, reserved 1048576K
}
Event: 10540.416 GC heap before
{Heap before GC invocations=79 (full 0):
 garbage-first heap   total 262144K, used 222633K [0x0000000080000000, 0x0000000100000000)
  region size 1024K, 80 young (81920K), 6 survivors (6144K)
 Metaspace       used 132704K, committed 135168K, reserved 1171456K
  class space    used 14557K, committed 15552K, reserved 1048576K
}
Event: 10540.421 GC heap after
{Heap after GC invocations=80 (full 0):
 garbage-first heap   total 262144K, used 144742K [0x0000000080000000, 0x0000000100000000)
  region size 1024K, 4 young (4096K), 4 survivors (4096K)
 Metaspace       used 132704K, committed 135168K, reserved 1171456K
  class space    used 14557K, committed 15552K, reserved 1048576K
}
Event: 10696.146 GC heap before
{Heap before GC invocations=80 (full 0):
 garbage-first heap   total 262144K, used 223590K [0x0000000080000000, 0x0000000100000000)
  region size 1024K, 81 young (82944K), 4 survivors (4096K)
 Metaspace       used 132730K, committed 135232K, reserved 1171456K
  class space    used 14557K, committed 15552K, reserved 1048576K
}
Event: 10696.156 GC heap after
{Heap after GC invocations=81 (full 0):
 garbage-first heap   total 262144K, used 145047K [0x0000000080000000, 0x0000000100000000)
  region size 1024K, 4 young (4096K), 4 survivors (4096K)
 Metaspace       used 132730K, committed 135232K, reserved 1171456K
  class space    used 14557K, committed 15552K, reserved 1048576K
}
Event: 10867.949 GC heap before
{Heap before GC invocations=81 (full 0):
 garbage-first heap   total 262144K, used 224919K [0x0000000080000000, 0x0000000100000000)
  region size 1024K, 82 young (83968K), 4 survivors (4096K)
 Metaspace       used 132812K, committed 135296K, reserved 1171456K
  class space    used 14557K, committed 15552K, reserved 1048576K
}
Event: 10867.957 GC heap after
{Heap after GC invocations=82 (full 0):
 garbage-first heap   total 262144K, used 145198K [0x0000000080000000, 0x0000000100000000)
  region size 1024K, 4 young (4096K), 4 survivors (4096K)
 Metaspace       used 132812K, committed 135296K, reserved 1171456K
  class space    used 14557K, committed 15552K, reserved 1048576K
}

Deoptimization events (20 events):
Event: 10951.485 Thread 0x0000018e7425c7e0 Uncommon trap: trap_request=0xffffff45 fr.pc=0x0000018e09054df4 relative=0x00000000000022d4
Event: 10951.485 Thread 0x0000018e7425c7e0 Uncommon trap: reason=unstable_if action=reinterpret pc=0x0000018e09054df4 method=org.eclipse.swt.graphics.TextLayout.drawInPixels(Lorg/eclipse/swt/graphics/GC;IIIILorg/eclipse/swt/graphics/Color;Lorg/eclipse/swt/graphics/Color;I)V @ 517 c2
Event: 10951.485 Thread 0x0000018e7425c7e0 DEOPT PACKING pc=0x0000018e09054df4 sp=0x00000037cd8fcbf0
Event: 10951.485 Thread 0x0000018e7425c7e0 DEOPT UNPACKING pc=0x0000018e000523a3 sp=0x00000037cd8fcac8 mode 2
Event: 10951.485 Thread 0x0000018e7425c7e0 Uncommon trap: trap_request=0xffffff45 fr.pc=0x0000018e0943a870 relative=0x00000000000011d0
Event: 10951.485 Thread 0x0000018e7425c7e0 Uncommon trap: reason=unstable_if action=reinterpret pc=0x0000018e0943a870 method=org.eclipse.swt.graphics.TextLayout.drawUnderline(JIIII[Lorg/eclipse/swt/graphics/TextLayout$StyleItem;IIILorg/eclipse/swt/internal/win32/RECT;Lorg/eclipse/swt/internal/win3
Event: 10951.485 Thread 0x0000018e7425c7e0 DEOPT PACKING pc=0x0000018e0943a870 sp=0x00000037cd8fc9d0
Event: 10951.485 Thread 0x0000018e7425c7e0 DEOPT UNPACKING pc=0x0000018e000523a3 sp=0x00000037cd8fc900 mode 2
Event: 10951.569 Thread 0x0000018e7425c7e0 Uncommon trap: trap_request=0xffffffde fr.pc=0x0000018e08f9ffec relative=0x000000000000332c
Event: 10951.569 Thread 0x0000018e7425c7e0 Uncommon trap: reason=class_check action=maybe_recompile pc=0x0000018e08f9ffec method=org.eclipse.swt.custom.StyledText.getOffsetAtPoint(III[I)I @ 118 c2
Event: 10951.569 Thread 0x0000018e7425c7e0 DEOPT PACKING pc=0x0000018e08f9ffec sp=0x00000037cd8fdcf0
Event: 10951.569 Thread 0x0000018e7425c7e0 DEOPT UNPACKING pc=0x0000018e000523a3 sp=0x00000037cd8fdb80 mode 2
Event: 10957.528 Thread 0x0000018e7425c7e0 Uncommon trap: trap_request=0xffffff3d fr.pc=0x0000018e094a80f4 relative=0x0000000000000134
Event: 10957.528 Thread 0x0000018e7425c7e0 Uncommon trap: reason=unstable_fused_if action=reinterpret pc=0x0000018e094a80f4 method=org.eclipse.jdt.internal.ui.text.correction.QuickFixProcessor.hasCorrections(Lorg/eclipse/jdt/core/ICompilationUnit;I)Z @ 1 c2
Event: 10957.528 Thread 0x0000018e7425c7e0 DEOPT PACKING pc=0x0000018e094a80f4 sp=0x00000037cd8fda30
Event: 10957.528 Thread 0x0000018e7425c7e0 DEOPT UNPACKING pc=0x0000018e000523a3 sp=0x00000037cd8fd9c8 mode 2
Event: 11058.689 Thread 0x0000018e7425c7e0 Uncommon trap: trap_request=0xffffff45 fr.pc=0x0000018e08b682c8 relative=0x0000000000003628
Event: 11058.689 Thread 0x0000018e7425c7e0 Uncommon trap: reason=unstable_if action=reinterpret pc=0x0000018e08b682c8 method=org.eclipse.swt.graphics.GC.win32_new(JLorg/eclipse/swt/graphics/GCData;)Lorg/eclipse/swt/graphics/GC; @ 37 c2
Event: 11058.689 Thread 0x0000018e7425c7e0 DEOPT PACKING pc=0x0000018e08b682c8 sp=0x00000037cd8fd250
Event: 11058.689 Thread 0x0000018e7425c7e0 DEOPT UNPACKING pc=0x0000018e000523a3 sp=0x00000037cd8fd160 mode 2

Classes unloaded (0 events):
No events

Classes redefined (0 events):
No events

Internal exceptions (20 events):
Event: 10711.092 Thread 0x0000018e7425c7e0 Exception <a 'java/lang/ClassNotFoundException'{0x000000008edf7ce0}: sun/net/www/protocol/about/Handler> (0x000000008edf7ce0) 
thrown [e:\jenkins\tmp\workspace\build\src\src\hotspot\share\classfile\systemDictionary.cpp, line 256]
Event: 10711.142 Thread 0x0000018e7425c7e0 Exception <a 'java/lang/ClassNotFoundException'{0x000000008ec10d88}: sun/net/www/protocol/about/Handler> (0x000000008ec10d88) 
thrown [e:\jenkins\tmp\workspace\build\src\src\hotspot\share\classfile\systemDictionary.cpp, line 256]
Event: 10711.154 Thread 0x0000018e7425c7e0 Exception <a 'java/lang/ClassNotFoundException'{0x000000008ec25698}: sun/net/www/protocol/about/Handler> (0x000000008ec25698) 
thrown [e:\jenkins\tmp\workspace\build\src\src\hotspot\share\classfile\systemDictionary.cpp, line 256]
Event: 10850.894 Thread 0x0000018e7425c7e0 Exception <a 'java/lang/ClassNotFoundException'{0x000000008ccefc80}: sun/net/www/protocol/about/Handler> (0x000000008ccefc80) 
thrown [e:\jenkins\tmp\workspace\build\src\src\hotspot\share\classfile\systemDictionary.cpp, line 256]
Event: 10850.904 Thread 0x0000018e7425c7e0 Exception <a 'java/lang/ClassNotFoundException'{0x000000008cb05048}: sun/net/www/protocol/about/Handler> (0x000000008cb05048) 
thrown [e:\jenkins\tmp\workspace\build\src\src\hotspot\share\classfile\systemDictionary.cpp, line 256]
Event: 10851.209 Thread 0x0000018e7425c7e0 Exception <a 'java/lang/ClassNotFoundException'{0x000000008cb52a60}: sun/net/www/protocol/about/Handler> (0x000000008cb52a60) 
thrown [e:\jenkins\tmp\workspace\build\src\src\hotspot\share\classfile\systemDictionary.cpp, line 256]
Event: 10851.220 Thread 0x0000018e7425c7e0 Exception <a 'java/lang/ClassNotFoundException'{0x000000008cb67370}: sun/net/www/protocol/about/Handler> (0x000000008cb67370) 
thrown [e:\jenkins\tmp\workspace\build\src\src\hotspot\share\classfile\systemDictionary.cpp, line 256]
Event: 10869.423 Thread 0x0000018e16a48cc0 Exception <a 'java/lang/ArrayIndexOutOfBoundsException'{0x000000009317be00}> (0x000000009317be00) 
thrown [e:\jenkins\tmp\workspace\build\src\src\hotspot\share\runtime\sharedRuntime.cpp, line 628]
Event: 10872.860 Thread 0x0000018e7425c7e0 Exception <a 'java/lang/ClassNotFoundException'{0x000000008dc71820}: sun/net/www/protocol/about/Handler> (0x000000008dc71820) 
thrown [e:\jenkins\tmp\workspace\build\src\src\hotspot\share\classfile\systemDictionary.cpp, line 256]
Event: 10872.873 Thread 0x0000018e7425c7e0 Exception <a 'java/lang/ClassNotFoundException'{0x000000008da07710}: sun/net/www/protocol/about/Handler> (0x000000008da07710) 
thrown [e:\jenkins\tmp\workspace\build\src\src\hotspot\share\classfile\systemDictionary.cpp, line 256]
Event: 10879.155 Thread 0x0000018e7425c7e0 Exception <a 'java/lang/ClassNotFoundException'{0x000000008da29f78}: sun/net/www/protocol/about/Handler> (0x000000008da29f78) 
thrown [e:\jenkins\tmp\workspace\build\src\src\hotspot\share\classfile\systemDictionary.cpp, line 256]
Event: 10879.177 Thread 0x0000018e7425c7e0 Exception <a 'java/lang/ClassNotFoundException'{0x000000008da3e888}: sun/net/www/protocol/about/Handler> (0x000000008da3e888) 
thrown [e:\jenkins\tmp\workspace\build\src\src\hotspot\share\classfile\systemDictionary.cpp, line 256]
Event: 10946.396 Thread 0x0000018e7425c7e0 Exception <a 'java/lang/ClassNotFoundException'{0x000000008d93e8f0}: sun/net/www/protocol/about/Handler> (0x000000008d93e8f0) 
thrown [e:\jenkins\tmp\workspace\build\src\src\hotspot\share\classfile\systemDictionary.cpp, line 256]
Event: 10946.416 Thread 0x0000018e7425c7e0 Exception <a 'java/lang/ClassNotFoundException'{0x000000008d956258}: sun/net/www/protocol/about/Handler> (0x000000008d956258) 
thrown [e:\jenkins\tmp\workspace\build\src\src\hotspot\share\classfile\systemDictionary.cpp, line 256]
Event: 10946.462 Thread 0x0000018e7425c7e0 Exception <a 'java/lang/ClassNotFoundException'{0x000000008d96f940}: sun/net/www/protocol/about/Handler> (0x000000008d96f940) 
thrown [e:\jenkins\tmp\workspace\build\src\src\hotspot\share\classfile\systemDictionary.cpp, line 256]
Event: 10946.474 Thread 0x0000018e7425c7e0 Exception <a 'java/lang/ClassNotFoundException'{0x000000008d8b84a0}: sun/net/www/protocol/about/Handler> (0x000000008d8b84a0) 
thrown [e:\jenkins\tmp\workspace\build\src\src\hotspot\share\classfile\systemDictionary.cpp, line 256]
Event: 10959.296 Thread 0x0000018e7425c7e0 Exception <a 'java/lang/ClassNotFoundException'{0x000000008c98e748}: sun/net/www/protocol/about/Handler> (0x000000008c98e748) 
thrown [e:\jenkins\tmp\workspace\build\src\src\hotspot\share\classfile\systemDictionary.cpp, line 256]
Event: 10959.316 Thread 0x0000018e7425c7e0 Exception <a 'java/lang/ClassNotFoundException'{0x000000008c9a5ac8}: sun/net/www/protocol/about/Handler> (0x000000008c9a5ac8) 
thrown [e:\jenkins\tmp\workspace\build\src\src\hotspot\share\classfile\systemDictionary.cpp, line 256]
Event: 10974.286 Thread 0x0000018e7425c7e0 Exception <a 'java/lang/ClassNotFoundException'{0x000000008c716810}: sun/net/www/protocol/about/Handler> (0x000000008c716810) 
thrown [e:\jenkins\tmp\workspace\build\src\src\hotspot\share\classfile\systemDictionary.cpp, line 256]
Event: 10974.307 Thread 0x0000018e7425c7e0 Exception <a 'java/lang/ClassNotFoundException'{0x000000008c72b120}: sun/net/www/protocol/about/Handler> (0x000000008c72b120) 
thrown [e:\jenkins\tmp\workspace\build\src\src\hotspot\share\classfile\systemDictionary.cpp, line 256]

VM Operations (20 events):
Event: 10948.984 Executing VM operation: Cleanup
Event: 10948.984 Executing VM operation: Cleanup done
Event: 10949.984 Executing VM operation: Cleanup
Event: 10949.985 Executing VM operation: Cleanup done
Event: 10950.985 Executing VM operation: Cleanup
Event: 10950.985 Executing VM operation: Cleanup done
Event: 10951.485 Executing VM operation: HandshakeAllThreads
Event: 10951.485 Executing VM operation: HandshakeAllThreads done
Event: 10951.569 Executing VM operation: HandshakeAllThreads
Event: 10951.569 Executing VM operation: HandshakeAllThreads done
Event: 10951.645 Executing VM operation: HandshakeAllThreads
Event: 10951.645 Executing VM operation: HandshakeAllThreads done
Event: 10952.645 Executing VM operation: Cleanup
Event: 10952.645 Executing VM operation: Cleanup done
Event: 10954.646 Executing VM operation: Cleanup
Event: 10954.646 Executing VM operation: Cleanup done
Event: 10956.646 Executing VM operation: Cleanup
Event: 10956.646 Executing VM operation: Cleanup done
Event: 10958.647 Executing VM operation: Cleanup
Event: 10958.647 Executing VM operation: Cleanup done

Events (20 events):
Event: 10951.675 Thread 0x0000018e7f551150 flushing nmethod 0x0000018e031a3a90
Event: 10951.675 Thread 0x0000018e7f551150 flushing nmethod 0x0000018e031a6010
Event: 10956.935 Thread 0x0000018e10cd1ab0 Thread added: 0x0000018e10cd1ab0
Event: 10956.935 Thread 0x0000018e10cd1ab0 Thread exited: 0x0000018e10cd1ab0
Event: 10957.523 Thread 0x0000018e10cd0c40 Thread added: 0x0000018e10cd0c40
Event: 10957.524 Thread 0x0000018e10cd0c40 Thread exited: 0x0000018e10cd0c40
Event: 10957.666 Thread 0x0000018e10ccdc20 Thread added: 0x0000018e10ccdc20
Event: 10957.667 Thread 0x0000018e10ccdc20 Thread exited: 0x0000018e10ccdc20
Event: 10959.244 Thread 0x0000018e10ccef60 Thread added: 0x0000018e10ccef60
Event: 10959.267 Thread 0x0000018e10ccef60 Thread exited: 0x0000018e10ccef60
Event: 10974.840 Thread 0x0000018e10ccef60 Thread added: 0x0000018e10ccef60
Event: 10974.841 Thread 0x0000018e10ccef60 Thread exited: 0x0000018e10ccef60
Event: 10984.202 Thread 0x0000018e10ccdc20 Thread added: 0x0000018e10ccdc20
Event: 10984.203 Thread 0x0000018e10ccdc20 Thread exited: 0x0000018e10ccdc20
Event: 10989.434 Thread 0x0000018e10ccdc20 Thread added: 0x0000018e10ccdc20
Event: 10989.437 Thread 0x0000018e10ccdc20 Thread exited: 0x0000018e10ccdc20
Event: 11058.692 loading class java/lang/Throwable$WrappedPrintWriter
Event: 11058.693 loading class java/lang/Throwable$PrintStreamOrWriter
Event: 11058.693 loading class java/lang/Throwable$PrintStreamOrWriter done
Event: 11058.693 loading class java/lang/Throwable$WrappedPrintWriter done


Dynamic libraries:
0x00007ff72e9a0000 - 0x00007ff72ea24000 	E:\Main\ProgramData\eclipse\eclipse.exe
0x00007ffe82790000 - 0x00007ffe82988000 	C:\WINDOWS\SYSTEM32\ntdll.dll
0x00007ffe824d0000 - 0x00007ffe8258d000 	C:\WINDOWS\System32\KERNEL32.DLL
0x00007ffe800f0000 - 0x00007ffe803be000 	C:\WINDOWS\System32\KERNELBASE.dll
0x00007ffe82200000 - 0x00007ffe823a0000 	C:\WINDOWS\System32\USER32.dll
0x00007ffe7feb0000 - 0x00007ffe7fed2000 	C:\WINDOWS\System32\win32u.dll
0x00007ffe811c0000 - 0x00007ffe811ea000 	C:\WINDOWS\System32\GDI32.dll
0x00007ffe7fee0000 - 0x00007ffe7ffeb000 	C:\WINDOWS\System32\gdi32full.dll
0x00007ffe80750000 - 0x00007ffe807ed000 	C:\WINDOWS\System32\msvcp_win.dll
0x00007ffe7fff0000 - 0x00007ffe800f0000 	C:\WINDOWS\System32\ucrtbase.dll
0x00007ffe70a10000 - 0x00007ffe70caa000 	C:\WINDOWS\WinSxS\amd64_microsoft.windows.common-controls_6595b64144ccf1df_6.0.19041.1110_none_60b5254171f9507e\COMCTL32.dll
0x00007ffe826b0000 - 0x00007ffe8274e000 	C:\WINDOWS\System32\msvcrt.dll
0x00007ffe813a0000 - 0x00007ffe813d0000 	C:\WINDOWS\System32\IMM32.DLL
0x00007ffe32ea0000 - 0x00007ffe32ede000 	E:\Main\ProgramData\eclipse\plugins\org.eclipse.equinox.launcher.win32.win32.x86_64_1.2.500.v20220509-0833\eclipse_11700.dll
0x00007ffe81490000 - 0x00007ffe8153e000 	C:\WINDOWS\System32\ADVAPI32.dll
0x00007ffe81540000 - 0x00007ffe815dc000 	C:\WINDOWS\System32\sechost.dll
0x00007ffe823a0000 - 0x00007ffe824c5000 	C:\WINDOWS\System32\RPCRT4.dll
0x00007ffe807f0000 - 0x00007ffe8091a000 	C:\WINDOWS\System32\ole32.dll
0x00007ffe81ea0000 - 0x00007ffe821f4000 	C:\WINDOWS\System32\combase.dll
0x00007ffe7a960000 - 0x00007ffe7a96a000 	C:\WINDOWS\SYSTEM32\VERSION.dll
0x00007ffe7d8f0000 - 0x00007ffe7d98e000 	C:\WINDOWS\system32\uxtheme.dll
0x00007ffe82590000 - 0x00007ffe826a5000 	C:\WINDOWS\System32\MSCTF.dll
0x00007ffe81b70000 - 0x00007ffe81c3d000 	C:\WINDOWS\System32\OLEAUT32.dll
0x00007ffe7ddd0000 - 0x00007ffe7dde2000 	C:\WINDOWS\SYSTEM32\kernel.appcore.dll
0x00007ffe80670000 - 0x00007ffe806f2000 	C:\WINDOWS\System32\bcryptPrimitives.dll
0x00007ffe813d0000 - 0x00007ffe81479000 	C:\WINDOWS\System32\clbcatq.dll
0x00007ffe803c0000 - 0x00007ffe803e7000 	C:\WINDOWS\System32\bcrypt.dll
0x00007ffe688f0000 - 0x00007ffe689e9000 	C:\WINDOWS\SYSTEM32\textinputframework.dll
0x00007ffe7d270000 - 0x00007ffe7d362000 	C:\WINDOWS\System32\CoreMessaging.dll
0x00007ffe81e20000 - 0x00007ffe81e8b000 	C:\WINDOWS\System32\WS2_32.dll
0x00007ffe7cf10000 - 0x00007ffe7d26e000 	C:\WINDOWS\System32\CoreUIComponents.dll
0x00007ffe815e0000 - 0x00007ffe8168d000 	C:\WINDOWS\System32\SHCORE.dll
0x00007ffe7ebb0000 - 0x00007ffe7ebe3000 	C:\WINDOWS\SYSTEM32\ntmarta.dll
0x00007ffe7c810000 - 0x00007ffe7c964000 	C:\WINDOWS\SYSTEM32\wintypes.dll
0x00007ffe638c0000 - 0x00007ffe63929000 	C:\WINDOWS\system32\IME\QQPinyinTSF\QQPinyinTSF.dll
0x00007ffe80a70000 - 0x00007ffe811b4000 	C:\WINDOWS\System32\SHELL32.dll
0x00007ffe476c0000 - 0x00007ffe483f3000 	C:\WINDOWS\system32\IME\QQPinyinTSF\QQPinyin.ime
0x00007ffe81690000 - 0x00007ffe816e5000 	C:\WINDOWS\System32\SHLWAPI.dll
0x00007ffe81e90000 - 0x00007ffe81e98000 	C:\WINDOWS\System32\PSAPI.DLL
0x00007ffe6dea0000 - 0x00007ffe6e376000 	C:\WINDOWS\SYSTEM32\WININET.dll
0x00007ffe7d4d0000 - 0x00007ffe7d4e4000 	C:\WINDOWS\SYSTEM32\WTSAPI32.dll
0x00007ffe74100000 - 0x00007ffe74107000 	C:\WINDOWS\SYSTEM32\MSIMG32.dll
0x00007ffe7f2d0000 - 0x00007ffe7f39a000 	C:\WINDOWS\SYSTEM32\DNSAPI.dll
0x00007ffe63890000 - 0x00007ffe638a9000 	C:\WINDOWS\SYSTEM32\USP10.dll
0x00007ffe7f290000 - 0x00007ffe7f2cb000 	C:\WINDOWS\SYSTEM32\IPHLPAPI.DLL
0x00007ffe816f0000 - 0x00007ffe816f8000 	C:\WINDOWS\System32\NSI.dll
0x00007ffe7dfd0000 - 0x00007ffe7e764000 	C:\WINDOWS\SYSTEM32\windows.storage.dll
0x00007ffe7f8a0000 - 0x00007ffe7f8d0000 	C:\WINDOWS\System32\Wldp.dll
0x00007ffe7fdf0000 - 0x00007ffe7fe0f000 	C:\WINDOWS\SYSTEM32\profapi.dll
0x00007ffe62bc0000 - 0x00007ffe62c6c000 	C:\WINDOWS\SYSTEM32\TextShaping.dll
0x00007ffe81d20000 - 0x00007ffe81d99000 	C:\WINDOWS\System32\coml2.dll
0x00007ffe7c710000 - 0x00007ffe7c806000 	C:\WINDOWS\System32\PROPSYS.dll
0x00007ffe209c0000 - 0x00007ffe21608000 	E:\Main\ProgramData\eclipse\plugins\org.eclipse.justj.openjdk.hotspot.jre.full.win32.x86_64_17.0.3.v20220515-1416\jre\bin\server\jvm.dll
0x00007ffe76bd0000 - 0x00007ffe76bf7000 	C:\WINDOWS\SYSTEM32\WINMM.dll
0x00007ffe79760000 - 0x00007ffe7977b000 	C:\WINDOWS\SYSTEM32\VCRUNTIME140.dll
0x00007ffe56c20000 - 0x00007ffe56c29000 	C:\WINDOWS\SYSTEM32\WSOCK32.dll
0x00007ffe7a950000 - 0x00007ffe7a95c000 	C:\WINDOWS\SYSTEM32\VCRUNTIME140_1.dll
0x00007ffe5ef60000 - 0x00007ffe5efc1000 	C:\Windows\System32\Windows.FileExplorer.Common.dll
0x00007ffe80700000 - 0x00007ffe8074e000 	C:\WINDOWS\System32\CFGMGR32.dll
0x00007ffe55150000 - 0x00007ffe5515a000 	E:\Main\ProgramData\eclipse\plugins\org.eclipse.justj.openjdk.hotspot.jre.full.win32.x86_64_17.0.3.v20220515-1416\jre\bin\jimage.dll
0x00007ffe6ee50000 - 0x00007ffe6f101000 	C:\Windows\System32\iertutil.dll
0x00007ffe6cf40000 - 0x00007ffe6d124000 	C:\WINDOWS\SYSTEM32\DBGHELP.DLL
0x00007ffe63b20000 - 0x00007ffe63b44000 	C:\WINDOWS\SYSTEM32\edputil.dll
0x00007ffe6cd00000 - 0x00007ffe6cd2c000 	C:\WINDOWS\SYSTEM32\dbgcore.DLL
0x00007ffe55120000 - 0x00007ffe55145000 	E:\Main\ProgramData\eclipse\plugins\org.eclipse.justj.openjdk.hotspot.jre.full.win32.x86_64_17.0.3.v20220515-1416\jre\bin\java.dll
0x00007ffe55100000 - 0x00007ffe55118000 	E:\Main\ProgramData\eclipse\plugins\org.eclipse.justj.openjdk.hotspot.jre.full.win32.x86_64_17.0.3.v20220515-1416\jre\bin\zip.dll
0x00007ffe6f140000 - 0x00007ffe6f32c000 	C:\WINDOWS\SYSTEM32\urlmon.dll
0x00007ffe7f3a0000 - 0x00007ffe7f3ac000 	C:\WINDOWS\SYSTEM32\netutils.dll
0x00007ffe6f110000 - 0x00007ffe6f138000 	C:\WINDOWS\SYSTEM32\srvcli.dll
0x00007ffe7fda0000 - 0x00007ffe7fdd2000 	C:\WINDOWS\SYSTEM32\SspiCli.dll
0x00007ffe60650000 - 0x00007ffe60672000 	C:\Windows\System32\cldapi.dll
0x00007ffe66bc0000 - 0x00007ffe66bcb000 	C:\Windows\System32\FLTLIB.DLL
0x00007ffe550e0000 - 0x00007ffe550f9000 	E:\Main\ProgramData\eclipse\plugins\org.eclipse.justj.openjdk.hotspot.jre.full.win32.x86_64_17.0.3.v20220515-1416\jre\bin\net.dll
0x00007ffe79f90000 - 0x00007ffe7a09a000 	C:\WINDOWS\SYSTEM32\WINHTTP.dll
0x00007ffe64150000 - 0x00007ffe641e0000 	C:\Windows\System32\appresolver.dll
0x00007ffe64360000 - 0x00007ffe643bb000 	C:\Windows\System32\Bcp47Langs.dll
0x00007ffe7ea30000 - 0x00007ffe7ea59000 	C:\Windows\System32\SLC.dll
0x00007ffe7fd70000 - 0x00007ffe7fd9e000 	C:\Windows\System32\USERENV.dll
0x00007ffe7ea00000 - 0x00007ffe7ea25000 	C:\Windows\System32\sppc.dll
0x00007ffe7f5a0000 - 0x00007ffe7f60a000 	C:\WINDOWS\system32\mswsock.dll
0x00007ffe550c0000 - 0x00007ffe550d5000 	E:\Main\ProgramData\eclipse\plugins\org.eclipse.justj.openjdk.hotspot.jre.full.win32.x86_64_17.0.3.v20220515-1416\jre\bin\nio.dll
0x00007ffe396a0000 - 0x00007ffe396b0000 	E:\Main\ProgramData\eclipse\plugins\org.eclipse.justj.openjdk.hotspot.jre.full.win32.x86_64_17.0.3.v20220515-1416\jre\bin\verify.dll
0x00007ffe255e0000 - 0x00007ffe256a7000 	E:\Main\ProgramData\eclipse\configuration\org.eclipse.osgi\328\0\.cp\swt-win32-4952r11.dll
0x00007ffe81c40000 - 0x00007ffe81d1a000 	C:\WINDOWS\System32\COMDLG32.dll
0x00007ffe74090000 - 0x00007ffe740f6000 	C:\WINDOWS\SYSTEM32\OLEACC.dll
0x00007ffe70970000 - 0x00007ffe70a08000 	C:\WINDOWS\SYSTEM32\WINSPOOL.DRV
0x00007ffe7dbf0000 - 0x00007ffe7dc1f000 	C:\WINDOWS\SYSTEM32\dwmapi.dll
0x00007ffe5e2d0000 - 0x00007ffe5e44e000 	C:\Windows\System32\TaskFlowDataEngine.dll
0x00007ffe6ba40000 - 0x00007ffe6bf0b000 	C:\Windows\System32\cdp.dll
0x00007ffe803f0000 - 0x00007ffe80546000 	C:\WINDOWS\System32\CRYPT32.dll
0x00007ffe7fa30000 - 0x00007ffe7fa42000 	C:\Windows\System32\UMPDC.dll
0x00007ffe7d580000 - 0x00007ffe7d6bd000 	C:\Windows\System32\dsreg.dll
0x00007ffe7efb0000 - 0x00007ffe7f03a000 	C:\Windows\System32\msvcp110_win.dll
0x00007ffe7f790000 - 0x00007ffe7f7a8000 	C:\WINDOWS\SYSTEM32\cryptsp.dll
0x00007ffe262e0000 - 0x00007ffe26308000 	E:\Main\ProgramData\eclipse\configuration\org.eclipse.osgi\328\0\.cp\swt-gdip-win32-4952r11.dll
0x00007ffe70cb0000 - 0x00007ffe70e55000 	C:\WINDOWS\WinSxS\amd64_microsoft.windows.gdiplus_6595b64144ccf1df_1.1.19041.1706_none_919e8e54cc8d4ca1\gdiplus.dll
0x00007ffe79cb0000 - 0x00007ffe79e64000 	C:\WINDOWS\SYSTEM32\WindowsCodecs.dll
0x0000000180000000 - 0x0000000180012000 	E:\Main\ProgramData\eclipse\configuration\org.eclipse.osgi\75\0\.cp\os\win32\x86_64\localfile_1_0_0.dll
0x00007ffe1e810000 - 0x00007ffe1e81e000 	E:\Main\ProgramData\eclipse\plugins\org.eclipse.justj.openjdk.hotspot.jre.full.win32.x86_64_17.0.3.v20220515-1416\jre\bin\sunmscapi.dll
0x00007ffe7f910000 - 0x00007ffe7f937000 	C:\WINDOWS\SYSTEM32\ncrypt.dll
0x00007ffe7f8d0000 - 0x00007ffe7f90b000 	C:\WINDOWS\SYSTEM32\NTASN1.dll
0x00007ffe5e070000 - 0x00007ffe5e087000 	C:\WINDOWS\system32\napinsp.dll
0x00007ffe5e050000 - 0x00007ffe5e06b000 	C:\WINDOWS\system32\pnrpnsp.dll
0x00007ffe5d710000 - 0x00007ffe5d725000 	C:\WINDOWS\system32\wshbth.dll
0x00007ffe7b7d0000 - 0x00007ffe7b7ed000 	C:\WINDOWS\system32\NLAapi.dll
0x00007ffe5d6f0000 - 0x00007ffe5d702000 	C:\WINDOWS\System32\winrnr.dll
0x00007ffe7ef20000 - 0x00007ffe7ef54000 	C:\WINDOWS\system32\rsaenh.dll
0x00007ffe6d5f0000 - 0x00007ffe6d5fa000 	C:\Windows\System32\rasadhlp.dll
0x00007ffe7f7b0000 - 0x00007ffe7f7bc000 	C:\WINDOWS\SYSTEM32\CRYPTBASE.dll
0x00007ffe75350000 - 0x00007ffe753d0000 	C:\WINDOWS\System32\fwpuclnt.dll
0x00007ffe75320000 - 0x00007ffe75337000 	C:\WINDOWS\SYSTEM32\dhcpcsvc6.DLL
0x00007ffe75300000 - 0x00007ffe7531d000 	C:\WINDOWS\SYSTEM32\dhcpcsvc.DLL
0x00007ffe605a0000 - 0x00007ffe605de000 	C:\WINDOWS\system32\dataexchange.dll
0x00007ffe7bee0000 - 0x00007ffe7c143000 	C:\WINDOWS\system32\d3d11.dll
0x00007ffe7c970000 - 0x00007ffe7cb54000 	C:\WINDOWS\system32\dcomp.dll
0x00007ffe7e7b0000 - 0x00007ffe7e8a3000 	C:\WINDOWS\system32\dxgi.dll
0x00007ffe799d0000 - 0x00007ffe79bd0000 	C:\WINDOWS\system32\twinapi.appcore.dll
0x00007ffe5d6a0000 - 0x00007ffe5d6e2000 	C:\WINDOWS\system32\mlang.dll
0x00007ffe60350000 - 0x00007ffe60570000 	C:\WINDOWS\system32\explorerframe.dll
0x00007ffe63ec0000 - 0x00007ffe6413f000 	C:\WINDOWS\SYSTEM32\DWrite.dll
0x00007ffe54e90000 - 0x00007ffe54ed4000 	C:\Users\l_hd9\AppData\Local\Temp\jna-102673514\jna2723029845888154100.dll
0x00007ffe6bfd0000 - 0x00007ffe6bfda000 	C:\WINDOWS\SYSTEM32\msiltcfg.dll
0x00007ffe793c0000 - 0x00007ffe796f7000 	C:\WINDOWS\SYSTEM32\msi.dll
0x00007ffe7fcc0000 - 0x00007ffe7fd62000 	C:\WINDOWS\SYSTEM32\sxs.dll
0x00007ffe7f040000 - 0x00007ffe7f059000 	C:\Windows\System32\WKSCLI.DLL
0x00007ffe5e450000 - 0x00007ffe5e4a8000 	C:\WINDOWS\SYSTEM32\msIso.dll
0x00007ffe139d0000 - 0x00007ffe15046000 	C:\Windows\System32\mshtml.dll
0x00007ffe7fa70000 - 0x00007ffe7fabb000 	C:\WINDOWS\SYSTEM32\powrprof.dll

dbghelp: loaded successfully - version: 4.0.5 - missing functions: none
symbol engine: initialized successfully - sym options: 0x614 - pdb path: .;E:\Main\ProgramData\eclipse;C:\WINDOWS\SYSTEM32;C:\WINDOWS\WinSxS\amd64_microsoft.windows.common-controls_6595b64144ccf1df_6.0.19041.1110_none_60b5254171f9507e;E:\Main\ProgramData\eclipse\plugins\org.eclipse.equinox.launcher.win32.win32.x86_64_1.2.500.v20220509-0833;C:\WINDOWS\system32\IME\QQPinyinTSF;E:\Main\ProgramData\eclipse\plugins\org.eclipse.justj.openjdk.hotspot.jre.full.win32.x86_64_17.0.3.v20220515-1416\jre\bin\server;E:\Main\ProgramData\eclipse\plugins\org.eclipse.justj.openjdk.hotspot.jre.full.win32.x86_64_17.0.3.v20220515-1416\jre\bin;E:\Main\ProgramData\eclipse\configuration\org.eclipse.osgi\328\0\.cp;C:\WINDOWS\WinSxS\amd64_microsoft.windows.gdiplus_6595b64144ccf1df_1.1.19041.1706_none_919e8e54cc8d4ca1;E:\Main\ProgramData\eclipse\configuration\org.eclipse.osgi\75\0\.cp\os\win32\x86_64;C:\Users\l_hd9\AppData\Local\Temp\jna-102673514

VM Arguments:
jvm_args: -Dosgi.requiredJavaVersion=11 -Dosgi.instance.area.default=@user.home/eclipse-workspace -XX:+UseG1GC -XX:+UseStringDeduplication --add-modules=ALL-SYSTEM -Dosgi.requiredJavaVersion=11 -Dosgi.dataAreaRequiresExplicitInit=true -Dorg.eclipse.swt.graphics.Resource.reportNonDisposed=true -Xms256m -Xmx2048m --add-modules=ALL-SYSTEM 
java_command: Eclipse
java_class_path (initial): E:\Main\ProgramData\eclipse\\plugins/org.eclipse.equinox.launcher_1.6.400.v20210924-0641.jar
Launcher Type: generic

[Global flags]
     intx CICompilerCount                          = 3                                         {product} {ergonomic}
     uint ConcGCThreads                            = 1                                         {product} {ergonomic}
     uint G1ConcRefinementThreads                  = 4                                         {product} {ergonomic}
   size_t G1HeapRegionSize                         = 1048576                                   {product} {ergonomic}
    uintx GCDrainStackTargetSize                   = 64                                        {product} {ergonomic}
   size_t InitialHeapSize                          = 268435456                                 {product} {command line}
   size_t MarkStackSize                            = 4194304                                   {product} {ergonomic}
   size_t MaxHeapSize                              = 2147483648                                {product} {command line}
   size_t MaxNewSize                               = 1287651328                                {product} {ergonomic}
   size_t MinHeapDeltaBytes                        = 1048576                                   {product} {ergonomic}
   size_t MinHeapSize                              = 268435456                                 {product} {command line}
    uintx NonNMethodCodeHeapSize                   = 5832780                                {pd product} {ergonomic}
    uintx NonProfiledCodeHeapSize                  = 122912730                              {pd product} {ergonomic}
    uintx ProfiledCodeHeapSize                     = 122912730                              {pd product} {ergonomic}
    uintx ReservedCodeCacheSize                    = 251658240                              {pd product} {ergonomic}
     bool SegmentedCodeCache                       = true                                      {product} {ergonomic}
   size_t SoftMaxHeapSize                          = 2147483648                             {manageable} {ergonomic}
     bool UseCompressedClassPointers               = true                           {product lp64_product} {ergonomic}
     bool UseCompressedOops                        = true                           {product lp64_product} {ergonomic}
     bool UseG1GC                                  = true                                      {product} {command line}
     bool UseLargePagesIndividualAllocation        = false                                  {pd product} {ergonomic}
     bool UseStringDeduplication                   = true                                      {product} {command line}

Logging:
Log output configuration:
 #0: stdout all=warning uptime,level,tags
 #1: stderr all=off uptime,level,tags

Environment Variables:
PATH=D:\Program Files\Python37\Scripts\;D:\Program Files\Python37\;C:\WINDOWS\system32;C:\WINDOWS;C:\WINDOWS\System32\Wbem;C:\WINDOWS\System32\WindowsPowerShell\v1.0\;C:\WINDOWS\System32\OpenSSH\;C:\Program Files\dotnet\;c:\WINDOWS\System32\WBem;C:\Users\l_hd9\AppData\Local\Microsoft\WindowsApps;C:\Users\l_hd9\.dotnet\tools;D:\Program Files\JetBrains\PyCharm Community Edition 2021.3.2\bin;
USERNAME=l_hd9
OS=Windows_NT
PROCESSOR_IDENTIFIER=Intel64 Family 6 Model 60 Stepping 3, GenuineIntel



---------------  S Y S T E M  ---------------

OS:
 Windows 10 , 64 bit Build 19041 (10.0.19041.1889)
OS uptime: 0 days 3:05 hours

CPU: total 4 (initial active 4) (4 cores per cpu, 1 threads per core) family 6 model 60 stepping 3 microcode 0x27, cx8, cmov, fxsr, mmx, sse, sse2, sse3, ssse3, sse4.1, sse4.2, popcnt, lzcnt, tsc, tscinvbit, avx, avx2, aes, erms, clmul, bmi1, bmi2, fma, vzeroupper, clflush

Memory: 4k page, system-wide physical 8074M (1789M free)
TotalPageFile size 9838M (AvailPageFile size 37M)
current process WorkingSet (physical memory assigned to process): 489M, peak: 675M
current process commit charge ("private bytes"): 656M, peak: 681M

vm_info: OpenJDK 64-Bit Server VM (17.0.3+7) for windows-amd64 JRE (17.0.3+7), built on Apr 19 2022 16:55:35 by "" with MS VC++ 16.7 (VS2019)

END.
